#-----------------------------------------------------------
# Vivado v2018.3 (64-bit)
# SW Build 2405991 on Thu Dec  6 23:38:27 MST 2018
# IP Build 2404404 on Fri Dec  7 01:43:56 MST 2018
# Start of session at: Sat Aug  1 11:50:51 2020
# Process ID: 20144
# Current directory: C:/Users/sy/Desktop/Digital-Recognition-master/project
# Command line: vivado.exe -gui_launcher_event rodinguilauncherevent2768 C:\Users\sy\Desktop\Digital-Recognition-master\project\spartan_cam.xpr
# Log file: C:/Users/sy/Desktop/Digital-Recognition-master/project/vivado.log
# Journal file: C:/Users/sy/Desktop/Digital-Recognition-master/project\vivado.jou
#-----------------------------------------------------------
start_gui
open_project C:/Users/sy/Desktop/Digital-Recognition-master/project/spartan_cam.xpr
Scanning sources...
Finished scanning sources
WARNING: [filemgmt 56-3] IP Repository Path: Could not find the directory 'C:/Users/sy/Desktop/project_1/project_1.srcs/sources_1/new'.
INFO: [IP_Flow 19-234] Refreshing IP repositories
INFO: [IP_Flow 19-1700] Loaded user IP repository 'c:/Users/sy/Desktop/Digital-Recognition-master/project/ip'.
WARNING: [IP_Flow 19-2248] Failed to load user IP repository 'c:/Users/sy/Desktop/project_1/project_1.srcs/sources_1/new'; Can't find the specified path.
If this directory should no longer be in your list of user repositories, go to the IP Settings dialog and remove it.
INFO: [IP_Flow 19-2313] Loaded Vivado IP repository 'E:/vivado/Vivado/2018.3/data/ip'.
open_project: Time (s): cpu = 00:00:40 ; elapsed = 00:00:47 . Memory (MB): peak = 841.711 ; gain = 252.633
update_compile_order -fileset sources_1
exit
INFO: [Common 17-206] Exiting Vivado at Sat Aug  1 11:54:23 2020...
