#-----------------------------------------------------------
# Vivado v2018.3 (64-bit)
# SW Build 2405991 on Thu Dec  6 23:38:27 MST 2018
# IP Build 2404404 on Fri Dec  7 01:43:56 MST 2018
# Start of session at: Wed Jul 29 15:27:12 2020
# Process ID: 14472
# Current directory: C:/Users/sy/Desktop/Digital-Recognition-master/project
# Command line: vivado.exe -gui_launcher_event rodinguilauncherevent4488 C:\Users\sy\Desktop\Digital-Recognition-master\project\spartan_cam.xpr
# Log file: C:/Users/sy/Desktop/Digital-Recognition-master/project/vivado.log
# Journal file: C:/Users/sy/Desktop/Digital-Recognition-master/project\vivado.jou
#-----------------------------------------------------------
start_gui
open_project C:/Users/sy/Desktop/Digital-Recognition-master/project/spartan_cam.xpr
INFO: [Project 1-313] Project file moved from 'D:/Github/Digital-Recognition/project' since last save.
CRITICAL WARNING: [Project 1-19] Could not find the file 'C:/users/dell/desktop/color_detect/spartan_cam/component.xml'.
Scanning sources...
Finished scanning sources
WARNING: [filemgmt 56-2] IP Repository Path: Could not find the directory 'C:/Users/sy/Desktop/project_1/project_1.srcs/sources_1/new', nor could it be found using path 'D:/Github/project_1/project_1.srcs/sources_1/new'.
INFO: [IP_Flow 19-234] Refreshing IP repositories
INFO: [IP_Flow 19-1700] Loaded user IP repository 'c:/Users/sy/Desktop/Digital-Recognition-master/project/ip'.
WARNING: [IP_Flow 19-2248] Failed to load user IP repository 'c:/Users/sy/Desktop/project_1/project_1.srcs/sources_1/new'; Can't find the specified path.
If this directory should no longer be in your list of user repositories, go to the IP Settings dialog and remove it.
INFO: [IP_Flow 19-2313] Loaded Vivado IP repository 'E:/vivado/Vivado/2018.3/data/ip'.
WARNING: [IP_Flow 19-2162] IP 'blk_mem_gen_0' is locked:
* IP definition 'Block Memory Generator (8.4)' for IP 'blk_mem_gen_0' (customized with software release 2018.2) has a different revision in the IP Catalog.
Please select 'Report IP Status' from the 'Tools/Report' menu or run Tcl command 'report_ip_status' for more information.
WARNING: [IP_Flow 19-2162] IP 'blk_mem_gen_1' is locked:
* IP definition 'Block Memory Generator (8.4)' for IP 'blk_mem_gen_1' (customized with software release 2018.2) has a different revision in the IP Catalog.
Please select 'Report IP Status' from the 'Tools/Report' menu or run Tcl command 'report_ip_status' for more information.
WARNING: [BD 41-1661] One or more IPs have been locked in the design 'system.bd'. Please run report_ip_status for more details and recommendations on how to fix this issue.
List of locked IPs:
system_clk_wiz_0_1
system_clk_wiz_1_0
system_microblaze_0_axi_periph_0
system_xlconstant_0_0
system_axi_iic_0_0
system_microblaze_0_0
system_mdm_1_0
system_lmb_bram_0
system_rst_clk_wiz_0_200M_0
system_axi_uartlite_0_0
system_xbar_0

INFO: [Project 1-230] Project 'spartan_cam.xpr' upgraded for this version of Vivado.
open_project: Time (s): cpu = 00:00:38 ; elapsed = 00:00:27 . Memory (MB): peak = 833.188 ; gain = 212.629
report_ip_status -name ip_status 
update_compile_order -fileset sources_1
upgrade_ip [get_ips  {blk_mem_gen_0 blk_mem_gen_1 system_lmb_bram_0 system_clk_wiz_0_1 system_axi_iic_0_0 system_microblaze_0_axi_periph_0 system_rst_clk_wiz_0_200M_0 system_mdm_1_0 system_axi_uartlite_0_0 system_clk_wiz_1_0 system_xlconstant_0_0 system_digital_recognition_0_0 system_microblaze_0_0}] -log ip_upgrade.log
INFO: [IP_Flow 19-818] Not transferring value dependency attribute "(spirit:decode(id('MODELPARAM_VALUE.CENTER_H')) - 100)" into user parameter "VtcHCnt_l".
INFO: [IP_Flow 19-818] Not transferring value dependency attribute "(spirit:decode(id('MODELPARAM_VALUE.CENTER_H')) + 100)" into user parameter "VtcHCnt_r".
INFO: [IP_Flow 19-818] Not transferring value dependency attribute "(spirit:decode(id('MODELPARAM_VALUE.CENTER_V')) - 133)" into user parameter "VtcVCnt_u".
INFO: [IP_Flow 19-818] Not transferring value dependency attribute "(spirit:decode(id('MODELPARAM_VALUE.CENTER_V')) + 133)" into user parameter "VtcVCnt_d".
INFO: [IP_Flow 19-818] Not transferring value dependency attribute "((spirit:decode(id('MODELPARAM_VALUE.CENTER_V')) - (spirit:decode(id('MODELPARAM_VALUE.VtcVCnt_max')) >> 1)) + ((spirit:decode(id('MODELPARAM_VALUE.VtcVCnt_max')) * 410) >> 10))" into user parameter "X1".
INFO: [IP_Flow 19-818] Not transferring value dependency attribute "((spirit:decode(id('MODELPARAM_VALUE.CENTER_V')) - (spirit:decode(id('MODELPARAM_VALUE.VtcVCnt_max')) >> 1)) + ((spirit:decode(id('MODELPARAM_VALUE.VtcVCnt_max')) * 683) >> 10))" into user parameter "X2".
INFO: [IP_Flow 19-234] Refreshing IP repositories
INFO: [IP_Flow 19-1700] Loaded user IP repository 'c:/Users/sy/Desktop/Digital-Recognition-master/project/ip'.
WARNING: [IP_Flow 19-2248] Failed to load user IP repository 'c:/Users/sy/Desktop/project_1/project_1.srcs/sources_1/new'; Can't find the specified path.
If this directory should no longer be in your list of user repositories, go to the IP Settings dialog and remove it.
Upgrading 'blk_mem_gen_0'
INFO: [Device 21-403] Loading part xc7s15ftgb196-1
INFO: [IP_Flow 19-3422] Upgraded blk_mem_gen_0 (Block Memory Generator 8.4) from revision 1 to revision 2
INFO: [IP_Flow 19-1686] Generating 'Instantiation Template' target for IP 'blk_mem_gen_0'...
Upgrading 'blk_mem_gen_1'
INFO: [IP_Flow 19-3422] Upgraded blk_mem_gen_1 (Block Memory Generator 8.4) from revision 1 to revision 2
INFO: [IP_Flow 19-1686] Generating 'Instantiation Template' target for IP 'blk_mem_gen_1'...
Adding cell -- xilinx.com:ip:clk_wiz:6.0 - clk_wiz_0
Adding cell -- xilinx.com:ip:xlconstant:1.1 - xlconstant_0
Adding cell -- trenz.biz:user:csi2_d_phy_rx:1.0 - csi2_d_phy_rx_0
Adding cell -- trenz.biz:user:csi_to_axis:1.0 - csi_to_axis_0
Adding cell -- xilinx.com:ip:microblaze:10.0 - microblaze_0
Adding cell -- xilinx.com:ip:mdm:3.2 - mdm_1
Adding cell -- xilinx.com:ip:proc_sys_reset:5.0 - rst_clk_wiz_0_200M
Adding cell -- xilinx.com:ip:axi_iic:2.0 - axi_iic_0
Adding cell -- xilinx.com:ip:clk_wiz:6.0 - clk_wiz_1
Adding cell -- xilinx.com:ip:axi_uartlite:2.0 - axi_uartlite_0
Adding cell -- digilentinc.com:ip:rgb2dvi:1.2 - rgb2dvi_0
Adding cell -- xilinx.com:module_ref:bayer2rgb:1.0 - bayer2rgb_0
Adding cell -- xilinx.com:module_ref:csi2dvp:1.0 - csi2dvp_0
Adding cell -- xilinx.com:module_ref:lcd_num:1.0 - lcd_num_0
Adding cell -- xilinx.com:module_ref:rgb_test:1.0 - rgb_test_0
Adding cell -- xilinx.com:module_ref:digital_recognition:1.0 - digital_recognition_0
WARNING: [BD 41-1731] Type mismatch between connected pins: /clk_wiz_0/locked(undef) and /rst_clk_wiz_0_200M/ext_reset_in(rst)
WARNING: [BD 41-1731] Type mismatch between connected pins: /clk_wiz_1/clk_out1(clk) and /rgb_test_0/PClk(undef)
WARNING: [BD 41-1731] Type mismatch between connected pins: /clk_wiz_1/clk_out1(clk) and /digital_recognition_0/pclk(undef)
Adding cell -- xilinx.com:ip:axi_crossbar:2.1 - xbar
Adding cell -- xilinx.com:ip:lmb_v10:3.0 - dlmb_v10
Adding cell -- xilinx.com:ip:lmb_v10:3.0 - ilmb_v10
Adding cell -- xilinx.com:ip:lmb_bram_if_cntlr:4.0 - dlmb_bram_if_cntlr
Adding cell -- xilinx.com:ip:lmb_bram_if_cntlr:4.0 - ilmb_bram_if_cntlr
Adding cell -- xilinx.com:ip:blk_mem_gen:8.4 - lmb_bram
Successfully read diagram <system> from BD file <C:/Users/sy/Desktop/Digital-Recognition-master/project/spartan_cam.srcs/sources_1/bd/system/system.bd>
Upgrading 'C:/Users/sy/Desktop/Digital-Recognition-master/project/spartan_cam.srcs/sources_1/bd/system/system.bd'
INFO: [IP_Flow 19-3422] Upgraded system_axi_iic_0_0 (AXI IIC 2.0) from revision 20 to revision 21
INFO: [IP_Flow 19-3422] Upgraded system_axi_uartlite_0_0 (AXI Uartlite 2.0) from revision 21 to revision 22
INFO: [IP_Flow 19-3422] Upgraded system_clk_wiz_0_1 (Clocking Wizard 6.0) from revision 1 to revision 2
WARNING: [BD 41-1731] Type mismatch between connected pins: /rst_clk_wiz_0_200M/ext_reset_in(rst) and /clk_wiz_0_upgraded_ipi/locked(undef)
INFO: [IP_Flow 19-3422] Upgraded system_clk_wiz_1_0 (Clocking Wizard 6.0) from revision 1 to revision 2
WARNING: [BD 41-1731] Type mismatch between connected pins: /rgb_test_0/PClk(undef) and /clk_wiz_1_upgraded_ipi/clk_out1(clk)
WARNING: [BD 41-1731] Type mismatch between connected pins: /digital_recognition_0/pclk(undef) and /clk_wiz_1_upgraded_ipi/clk_out1(clk)
INFO: [IP_Flow 19-1972] Upgraded system_digital_recognition_0_0 from digital_recognition_v1_0 1.0 to digital_recognition_v1_0 1.0
WARNING: [BD 41-1731] Type mismatch between connected pins: /clk_wiz_1/clk_out1(clk) and /digital_recognition_0_upgraded_ipi/pclk(undef)
INFO: [IP_Flow 19-3422] Upgraded system_lmb_bram_0 (Block Memory Generator 8.4) from revision 1 to revision 2
INFO: [IP_Flow 19-3422] Upgraded system_mdm_1_0 (MicroBlaze Debug Module (MDM) 3.2) from revision 14 to revision 15
INFO: [IP_Flow 19-1972] Upgraded system_microblaze_0_0 from MicroBlaze 10.0 to MicroBlaze 11.0
INFO: [IP_Flow 19-3422] Upgraded system_microblaze_0_axi_periph_0 (AXI Interconnect 2.1) from revision 18 to revision 19
INFO: [IP_Flow 19-3422] Upgraded system_rst_clk_wiz_0_200M_0 (Processor System Reset 5.0) from revision 12 to revision 13
WARNING: [BD 41-1731] Type mismatch between connected pins: /clk_wiz_0/locked(undef) and /rst_clk_wiz_0_200M_upgraded_ipi/ext_reset_in(rst)
INFO: [IP_Flow 19-1972] Upgraded system_xlconstant_0_0 from Constant 1.1 to Constant 1.1
Wrote  : <C:\Users\sy\Desktop\Digital-Recognition-master\project\spartan_cam.srcs\sources_1\bd\system\system.bd> 
INFO: [BD 41-2124] The block design file <C:/Users/sy/Desktop/Digital-Recognition-master/project/spartan_cam.srcs/sources_1/bd/system/system.bd> has changed from an XML format to a JSON format. All flows are expected to work as in prior versions of Vivado. Please contact your Xilinx Support representative, in case of any issues.
Wrote  : <C:/Users/sy/Desktop/Digital-Recognition-master/project/spartan_cam.srcs/sources_1/bd/system/ui/bd_c954508f.ui> 
INFO: [Coretcl 2-1525] Wrote upgrade log to 'C:/Users/sy/Desktop/Digital-Recognition-master/project/ip_upgrade.log'.
upgrade_ip: Time (s): cpu = 00:01:03 ; elapsed = 00:01:02 . Memory (MB): peak = 1153.141 ; gain = 284.379
export_ip_user_files -of_objects [get_ips {blk_mem_gen_0 blk_mem_gen_1 system_lmb_bram_0 system_clk_wiz_0_1 system_axi_iic_0_0 system_microblaze_0_axi_periph_0 system_rst_clk_wiz_0_200M_0 system_mdm_1_0 system_axi_uartlite_0_0 system_clk_wiz_1_0 system_xlconstant_0_0 system_digital_recognition_0_0 system_microblaze_0_0}] -no_script -sync -force -quiet
convert_ips [get_files  {C:/Users/sy/Desktop/Digital-Recognition-master/project/spartan_cam.srcs/sources_1/ip/blk_mem_gen_0/blk_mem_gen_0.xci C:/Users/sy/Desktop/Digital-Recognition-master/project/spartan_cam.srcs/sources_1/ip/blk_mem_gen_1/blk_mem_gen_1.xci}]
INFO: [filemgmt 56-106] Converting IP 'blk_mem_gen_0' into core container format.
INFO: [filemgmt 56-101] Creating core container 'C:/Users/sy/Desktop/Digital-Recognition-master/project/spartan_cam.srcs/sources_1/ip/blk_mem_gen_0.xcix' for IP 'blk_mem_gen_0'
INFO: [filemgmt 56-106] Converting IP 'blk_mem_gen_1' into core container format.
INFO: [filemgmt 56-101] Creating core container 'C:/Users/sy/Desktop/Digital-Recognition-master/project/spartan_cam.srcs/sources_1/ip/blk_mem_gen_1.xcix' for IP 'blk_mem_gen_1'
export_ip_user_files -of_objects  [get_files  {C:/Users/sy/Desktop/Digital-Recognition-master/project/spartan_cam.srcs/sources_1/ip/blk_mem_gen_0/blk_mem_gen_0.xci C:/Users/sy/Desktop/Digital-Recognition-master/project/spartan_cam.srcs/sources_1/ip/blk_mem_gen_1/blk_mem_gen_1.xci}] -sync -lib_map_path [list {modelsim=C:/Users/sy/Desktop/Digital-Recognition-master/project/spartan_cam.cache/compile_simlib/modelsim} {questa=C:/Users/sy/Desktop/Digital-Recognition-master/project/spartan_cam.cache/compile_simlib/questa} {riviera=C:/Users/sy/Desktop/Digital-Recognition-master/project/spartan_cam.cache/compile_simlib/riviera} {activehdl=C:/Users/sy/Desktop/Digital-Recognition-master/project/spartan_cam.cache/compile_simlib/activehdl}] -force -quiet
set_property coreContainer.enable 1 [current_project]
launch_runs synth_1 -jobs 2
INFO: [IP_Flow 19-1686] Generating 'Synthesis' target for IP 'blk_mem_gen_0'...
INFO: [IP_Flow 19-1686] Generating 'Synthesis' target for IP 'blk_mem_gen_1'...
WARNING: [BD 41-927] Following properties on pin /csi2_d_phy_rx_0/in_delay_clk have been updated from connected ip. They may not be synchronized with cell properties. You can set property on pin directly to confirm the value and resolve the warning.
	CLK_DOMAIN=/clk_wiz_0_clk_out1 
WARNING: [BD 41-927] Following properties on pin /csi2_d_phy_rx_0/rxbyteclkhs have been updated from connected ip. They may not be synchronized with cell properties. You can set property on pin directly to confirm the value and resolve the warning.
	CLK_DOMAIN=system_csi2_d_phy_rx_0_1_rxbyteclkhs 
WARNING: [BD 41-927] Following properties on pin /rgb2dvi_0/PixelClk have been updated from connected ip. They may not be synchronized with cell properties. You can set property on pin directly to confirm the value and resolve the warning.
	CLK_DOMAIN=/clk_wiz_1_clk_out1 
WARNING: [BD 41-927] Following properties on pin /rgb2dvi_0/SerialClk have been updated from connected ip. They may not be synchronized with cell properties. You can set property on pin directly to confirm the value and resolve the warning.
	CLK_DOMAIN=/clk_wiz_1_clk_out1 
WARNING: [BD 41-927] Following properties on pin /bayer2rgb_0/clk have been updated from connected ip. They may not be synchronized with cell properties. You can set property on pin directly to confirm the value and resolve the warning.
	CLK_DOMAIN=/clk_wiz_1_clk_out1 
WARNING: [BD 41-927] Following properties on pin /csi2dvp_0/s_axis_aclk have been updated from connected ip. They may not be synchronized with cell properties. You can set property on pin directly to confirm the value and resolve the warning.
	CLK_DOMAIN=system_csi2_d_phy_rx_0_1_rxbyteclkhs 
WARNING: [BD 41-927] Following properties on pin /csi2dvp_0/vid_clk have been updated from connected ip. They may not be synchronized with cell properties. You can set property on pin directly to confirm the value and resolve the warning.
	CLK_DOMAIN=/clk_wiz_1_clk_out1 
Wrote  : <C:\Users\sy\Desktop\Digital-Recognition-master\project\spartan_cam.srcs\sources_1\bd\system\system.bd> 
VHDL Output written to : C:/Users/sy/Desktop/Digital-Recognition-master/project/spartan_cam.srcs/sources_1/bd/system/synth/system.v
VHDL Output written to : C:/Users/sy/Desktop/Digital-Recognition-master/project/spartan_cam.srcs/sources_1/bd/system/sim/system.v
VHDL Output written to : C:/Users/sy/Desktop/Digital-Recognition-master/project/spartan_cam.srcs/sources_1/bd/system/hdl/system_wrapper.v
INFO: [BD 41-1029] Generation completed for the IP Integrator block clk_wiz_0 .
INFO: [BD 41-1029] Generation completed for the IP Integrator block xlconstant_0 .
INFO: [BD 41-1029] Generation completed for the IP Integrator block csi2_d_phy_rx_0 .
INFO: [BD 41-1029] Generation completed for the IP Integrator block csi_to_axis_0 .
INFO: [BD 41-1029] Generation completed for the IP Integrator block microblaze_0 .
INFO: [BD 41-1029] Generation completed for the IP Integrator block mdm_1 .
INFO: [BD 41-1029] Generation completed for the IP Integrator block rst_clk_wiz_0_200M .
INFO: [BD 41-1029] Generation completed for the IP Integrator block microblaze_0_local_memory/dlmb_v10 .
INFO: [BD 41-1029] Generation completed for the IP Integrator block microblaze_0_local_memory/ilmb_v10 .
INFO: [BD 41-1029] Generation completed for the IP Integrator block microblaze_0_local_memory/dlmb_bram_if_cntlr .
INFO: [BD 41-1029] Generation completed for the IP Integrator block microblaze_0_local_memory/ilmb_bram_if_cntlr .
INFO: [BD 41-1029] Generation completed for the IP Integrator block microblaze_0_local_memory/lmb_bram .
INFO: [BD 41-1029] Generation completed for the IP Integrator block axi_iic_0 .
INFO: [BD 41-1029] Generation completed for the IP Integrator block csi2dvp_0 .
INFO: [BD 41-1029] Generation completed for the IP Integrator block clk_wiz_1 .
INFO: [BD 41-1029] Generation completed for the IP Integrator block axi_uartlite_0 .
INFO: [BD 41-1029] Generation completed for the IP Integrator block bayer2rgb_0 .
INFO: [BD 41-1029] Generation completed for the IP Integrator block rgb2dvi_0 .
INFO: [BD 41-1029] Generation completed for the IP Integrator block rgb_test_0 .
INFO: [BD 41-1029] Generation completed for the IP Integrator block digital_recognition_0 .
INFO: [BD 41-1029] Generation completed for the IP Integrator block lcd_num_0 .
INFO: [BD 41-1029] Generation completed for the IP Integrator block microblaze_0_axi_periph/xbar .
Exporting to file C:/Users/sy/Desktop/Digital-Recognition-master/project/spartan_cam.srcs/sources_1/bd/system/hw_handoff/system.hwh
Generated Block Design Tcl file C:/Users/sy/Desktop/Digital-Recognition-master/project/spartan_cam.srcs/sources_1/bd/system/hw_handoff/system_bd.tcl
Generated Hardware Definition File C:/Users/sy/Desktop/Digital-Recognition-master/project/spartan_cam.srcs/sources_1/bd/system/synth/system.hwdef
[Wed Jul 29 15:35:22 2020] Launched system_csi2_d_phy_rx_0_1_synth_1, system_csi_to_axis_0_1_synth_1, system_dlmb_v10_0_synth_1, system_dlmb_bram_if_cntlr_0_synth_1, system_ilmb_bram_if_cntlr_0_synth_1, system_rgb2dvi_0_1_synth_1, system_bayer2rgb_0_0_synth_1, system_csi2dvp_0_0_synth_1, system_lcd_num_0_0_synth_1, system_rgb_test_0_1_synth_1, system_clk_wiz_0_1_synth_1, system_mdm_1_0_synth_1, system_rst_clk_wiz_0_200M_0_synth_1, system_axi_iic_0_0_synth_1, system_microblaze_0_0_synth_1, system_ilmb_v10_0_synth_1, system_axi_uartlite_0_0_synth_1, system_clk_wiz_1_0_synth_1, system_digital_recognition_0_0_synth_1, system_lmb_bram_0_synth_1, system_xbar_0_synth_1...
Run output will be captured here:
system_csi2_d_phy_rx_0_1_synth_1: C:/Users/sy/Desktop/Digital-Recognition-master/project/spartan_cam.runs/system_csi2_d_phy_rx_0_1_synth_1/runme.log
system_csi_to_axis_0_1_synth_1: C:/Users/sy/Desktop/Digital-Recognition-master/project/spartan_cam.runs/system_csi_to_axis_0_1_synth_1/runme.log
system_dlmb_v10_0_synth_1: C:/Users/sy/Desktop/Digital-Recognition-master/project/spartan_cam.runs/system_dlmb_v10_0_synth_1/runme.log
system_dlmb_bram_if_cntlr_0_synth_1: C:/Users/sy/Desktop/Digital-Recognition-master/project/spartan_cam.runs/system_dlmb_bram_if_cntlr_0_synth_1/runme.log
system_ilmb_bram_if_cntlr_0_synth_1: C:/Users/sy/Desktop/Digital-Recognition-master/project/spartan_cam.runs/system_ilmb_bram_if_cntlr_0_synth_1/runme.log
system_rgb2dvi_0_1_synth_1: C:/Users/sy/Desktop/Digital-Recognition-master/project/spartan_cam.runs/system_rgb2dvi_0_1_synth_1/runme.log
system_bayer2rgb_0_0_synth_1: C:/Users/sy/Desktop/Digital-Recognition-master/project/spartan_cam.runs/system_bayer2rgb_0_0_synth_1/runme.log
system_csi2dvp_0_0_synth_1: C:/Users/sy/Desktop/Digital-Recognition-master/project/spartan_cam.runs/system_csi2dvp_0_0_synth_1/runme.log
system_lcd_num_0_0_synth_1: C:/Users/sy/Desktop/Digital-Recognition-master/project/spartan_cam.runs/system_lcd_num_0_0_synth_1/runme.log
system_rgb_test_0_1_synth_1: C:/Users/sy/Desktop/Digital-Recognition-master/project/spartan_cam.runs/system_rgb_test_0_1_synth_1/runme.log
system_clk_wiz_0_1_synth_1: C:/Users/sy/Desktop/Digital-Recognition-master/project/spartan_cam.runs/system_clk_wiz_0_1_synth_1/runme.log
system_mdm_1_0_synth_1: C:/Users/sy/Desktop/Digital-Recognition-master/project/spartan_cam.runs/system_mdm_1_0_synth_1/runme.log
system_rst_clk_wiz_0_200M_0_synth_1: C:/Users/sy/Desktop/Digital-Recognition-master/project/spartan_cam.runs/system_rst_clk_wiz_0_200M_0_synth_1/runme.log
system_axi_iic_0_0_synth_1: C:/Users/sy/Desktop/Digital-Recognition-master/project/spartan_cam.runs/system_axi_iic_0_0_synth_1/runme.log
system_microblaze_0_0_synth_1: C:/Users/sy/Desktop/Digital-Recognition-master/project/spartan_cam.runs/system_microblaze_0_0_synth_1/runme.log
system_ilmb_v10_0_synth_1: C:/Users/sy/Desktop/Digital-Recognition-master/project/spartan_cam.runs/system_ilmb_v10_0_synth_1/runme.log
system_axi_uartlite_0_0_synth_1: C:/Users/sy/Desktop/Digital-Recognition-master/project/spartan_cam.runs/system_axi_uartlite_0_0_synth_1/runme.log
system_clk_wiz_1_0_synth_1: C:/Users/sy/Desktop/Digital-Recognition-master/project/spartan_cam.runs/system_clk_wiz_1_0_synth_1/runme.log
system_digital_recognition_0_0_synth_1: C:/Users/sy/Desktop/Digital-Recognition-master/project/spartan_cam.runs/system_digital_recognition_0_0_synth_1/runme.log
system_lmb_bram_0_synth_1: C:/Users/sy/Desktop/Digital-Recognition-master/project/spartan_cam.runs/system_lmb_bram_0_synth_1/runme.log
system_xbar_0_synth_1: C:/Users/sy/Desktop/Digital-Recognition-master/project/spartan_cam.runs/system_xbar_0_synth_1/runme.log
[Wed Jul 29 15:35:35 2020] Launched synth_1...
Run output will be captured here: C:/Users/sy/Desktop/Digital-Recognition-master/project/spartan_cam.runs/synth_1/runme.log
launch_runs: Time (s): cpu = 00:00:41 ; elapsed = 00:01:17 . Memory (MB): peak = 1267.246 ; gain = 73.086
reset_run system_bayer2rgb_0_0_synth_1
reset_run system_csi2dvp_0_0_synth_1
reset_run system_lcd_num_0_0_synth_1
reset_run system_rgb_test_0_1_synth_1
reset_run system_clk_wiz_0_1_synth_1
reset_run system_mdm_1_0_synth_1
reset_run system_rst_clk_wiz_0_200M_0_synth_1
reset_run system_axi_iic_0_0_synth_1
reset_run system_microblaze_0_0_synth_1
reset_runs: Time (s): cpu = 00:00:01 ; elapsed = 00:00:06 . Memory (MB): peak = 1305.516 ; gain = 0.000
reset_run system_ilmb_v10_0_synth_1
reset_run system_axi_uartlite_0_0_synth_1
reset_run system_clk_wiz_1_0_synth_1
reset_run system_digital_recognition_0_0_synth_1
reset_run system_lmb_bram_0_synth_1
reset_run system_xbar_0_synth_1
reset_run synth_1
reset_run system_ilmb_bram_if_cntlr_0_synth_1
reset_run system_rgb2dvi_0_1_synth_1
upgrade_ip[get_ips]
invalid command name "upgrade_ipblk_mem_gen_0 blk_mem_gen_1 system_axi_iic_0_0 system_axi_uartlite_0_0 system_bayer2rgb_0_0 system_clk_wiz_0_1 system_clk_wiz_1_0 system_csi2_d_phy_rx_0_1 system_csi2dvp_0_0 system_csi_to_axis_0_1 system_digital_recognition_0_0 system_dlmb_bram_if_cntlr_0 system_dlmb_v10_0 system_ilmb_bram_if_cntlr_0 system_ilmb_v10_0 system_lcd_num_0_0 system_lmb_bram_0 system_mdm_1_0 system_microblaze_0_0 system_microblaze_0_axi_periph_0 system_rgb2dvi_0_1 system_rgb_test_0_1 system_rst_clk_wiz_0_200M_0 system_xlconstant_0_0"
upgrade_ip [get_ips]
WARNING: [Coretcl 2-1042] No IP was identified for upgrade.
INFO: [IP_Flow 19-1976] HDL Parser: Replacing 'DELAY_LINE' by 2 for port or parameter 'vsync_delay'
INFO: [IP_Flow 19-1976] HDL Parser: Replacing 'DELAY_LINE' by 2 for port or parameter 'de_delay'
INFO: [IP_Flow 19-5107] Inferred bus interface 'clk' of definition 'xilinx.com:signal:clock:1.0' (from Xilinx Repository).
WARNING: [IP_Flow 19-3153] Bus Interface 'clk': ASSOCIATED_BUSIF bus parameter is missing.
INFO: [IP_Flow 19-234] Refreshing IP repositories
INFO: [IP_Flow 19-1700] Loaded user IP repository 'c:/Users/sy/Desktop/Digital-Recognition-master/project/ip'.
WARNING: [IP_Flow 19-2248] Failed to load user IP repository 'c:/Users/sy/Desktop/project_1/project_1.srcs/sources_1/new'; Can't find the specified path.
If this directory should no longer be in your list of user repositories, go to the IP Settings dialog and remove it.
INFO: [IP_Flow 19-5107] Inferred bus interface 's_axis' of definition 'xilinx.com:interface:axis:1.0' (from Xilinx Repository).
INFO: [IP_Flow 19-5107] Inferred bus interface 's_axis_aclk' of definition 'xilinx.com:signal:clock:1.0' (from Xilinx Repository).
INFO: [IP_Flow 19-5107] Inferred bus interface 'vid_clk' of definition 'xilinx.com:signal:clock:1.0' (from Xilinx Repository).
INFO: [IP_Flow 19-4728] Bus Interface 's_axis_aclk': Added interface parameter 'ASSOCIATED_BUSIF' with value 's_axis'.
WARNING: [IP_Flow 19-3153] Bus Interface 'vid_clk': ASSOCIATED_BUSIF bus parameter is missing.
INFO: [IP_Flow 19-234] Refreshing IP repositories
INFO: [IP_Flow 19-1700] Loaded user IP repository 'c:/Users/sy/Desktop/Digital-Recognition-master/project/ip'.
WARNING: [IP_Flow 19-2248] Failed to load user IP repository 'c:/Users/sy/Desktop/project_1/project_1.srcs/sources_1/new'; Can't find the specified path.
If this directory should no longer be in your list of user repositories, go to the IP Settings dialog and remove it.
INFO: [IP_Flow 19-818] Not transferring value dependency attribute "(spirit:decode(id('MODELPARAM_VALUE.CENTER_H')) - 100)" into user parameter "VtcHCnt_l".
INFO: [IP_Flow 19-818] Not transferring value dependency attribute "(spirit:decode(id('MODELPARAM_VALUE.CENTER_H')) + 100)" into user parameter "VtcHCnt_r".
INFO: [IP_Flow 19-818] Not transferring value dependency attribute "(spirit:decode(id('MODELPARAM_VALUE.CENTER_V')) - 133)" into user parameter "VtcVCnt_u".
INFO: [IP_Flow 19-818] Not transferring value dependency attribute "(spirit:decode(id('MODELPARAM_VALUE.CENTER_V')) + 133)" into user parameter "VtcVCnt_d".
INFO: [IP_Flow 19-818] Not transferring value dependency attribute "((spirit:decode(id('MODELPARAM_VALUE.CENTER_V')) - (spirit:decode(id('MODELPARAM_VALUE.VtcVCnt_max')) >> 1)) + ((spirit:decode(id('MODELPARAM_VALUE.VtcVCnt_max')) * 410) >> 10))" into user parameter "X1".
INFO: [IP_Flow 19-818] Not transferring value dependency attribute "((spirit:decode(id('MODELPARAM_VALUE.CENTER_V')) - (spirit:decode(id('MODELPARAM_VALUE.VtcVCnt_max')) >> 1)) + ((spirit:decode(id('MODELPARAM_VALUE.VtcVCnt_max')) * 683) >> 10))" into user parameter "X2".
INFO: [IP_Flow 19-234] Refreshing IP repositories
INFO: [IP_Flow 19-1700] Loaded user IP repository 'c:/Users/sy/Desktop/Digital-Recognition-master/project/ip'.
WARNING: [IP_Flow 19-2248] Failed to load user IP repository 'c:/Users/sy/Desktop/project_1/project_1.srcs/sources_1/new'; Can't find the specified path.
If this directory should no longer be in your list of user repositories, go to the IP Settings dialog and remove it.
INFO: [IP_Flow 19-234] Refreshing IP repositories
INFO: [IP_Flow 19-1700] Loaded user IP repository 'c:/Users/sy/Desktop/Digital-Recognition-master/project/ip'.
WARNING: [IP_Flow 19-2248] Failed to load user IP repository 'c:/Users/sy/Desktop/project_1/project_1.srcs/sources_1/new'; Can't find the specified path.
If this directory should no longer be in your list of user repositories, go to the IP Settings dialog and remove it.
INFO: [IP_Flow 19-234] Refreshing IP repositories
INFO: [IP_Flow 19-1700] Loaded user IP repository 'c:/Users/sy/Desktop/Digital-Recognition-master/project/ip'.
WARNING: [IP_Flow 19-2248] Failed to load user IP repository 'c:/Users/sy/Desktop/project_1/project_1.srcs/sources_1/new'; Can't find the specified path.
If this directory should no longer be in your list of user repositories, go to the IP Settings dialog and remove it.
launch_runs synth_1 -jobs 2
INFO: [IP_Flow 19-4993] Using cached IP synthesis design for IP system_ilmb_v10_0, cache-ID = e1f98db47244963d; cache size = 0.741 MB.
[Wed Jul 29 15:43:30 2020] Launched system_ilmb_bram_if_cntlr_0_synth_1, system_rgb2dvi_0_1_synth_1, system_bayer2rgb_0_0_synth_1, system_csi2dvp_0_0_synth_1, system_lcd_num_0_0_synth_1, system_rgb_test_0_1_synth_1, system_clk_wiz_0_1_synth_1, system_mdm_1_0_synth_1, system_rst_clk_wiz_0_200M_0_synth_1, system_axi_iic_0_0_synth_1, system_microblaze_0_0_synth_1, system_axi_uartlite_0_0_synth_1, system_clk_wiz_1_0_synth_1, system_digital_recognition_0_0_synth_1, system_lmb_bram_0_synth_1, system_xbar_0_synth_1...
Run output will be captured here:
system_ilmb_bram_if_cntlr_0_synth_1: C:/Users/sy/Desktop/Digital-Recognition-master/project/spartan_cam.runs/system_ilmb_bram_if_cntlr_0_synth_1/runme.log
system_rgb2dvi_0_1_synth_1: C:/Users/sy/Desktop/Digital-Recognition-master/project/spartan_cam.runs/system_rgb2dvi_0_1_synth_1/runme.log
system_bayer2rgb_0_0_synth_1: C:/Users/sy/Desktop/Digital-Recognition-master/project/spartan_cam.runs/system_bayer2rgb_0_0_synth_1/runme.log
system_csi2dvp_0_0_synth_1: C:/Users/sy/Desktop/Digital-Recognition-master/project/spartan_cam.runs/system_csi2dvp_0_0_synth_1/runme.log
system_lcd_num_0_0_synth_1: C:/Users/sy/Desktop/Digital-Recognition-master/project/spartan_cam.runs/system_lcd_num_0_0_synth_1/runme.log
system_rgb_test_0_1_synth_1: C:/Users/sy/Desktop/Digital-Recognition-master/project/spartan_cam.runs/system_rgb_test_0_1_synth_1/runme.log
system_clk_wiz_0_1_synth_1: C:/Users/sy/Desktop/Digital-Recognition-master/project/spartan_cam.runs/system_clk_wiz_0_1_synth_1/runme.log
system_mdm_1_0_synth_1: C:/Users/sy/Desktop/Digital-Recognition-master/project/spartan_cam.runs/system_mdm_1_0_synth_1/runme.log
system_rst_clk_wiz_0_200M_0_synth_1: C:/Users/sy/Desktop/Digital-Recognition-master/project/spartan_cam.runs/system_rst_clk_wiz_0_200M_0_synth_1/runme.log
system_axi_iic_0_0_synth_1: C:/Users/sy/Desktop/Digital-Recognition-master/project/spartan_cam.runs/system_axi_iic_0_0_synth_1/runme.log
system_microblaze_0_0_synth_1: C:/Users/sy/Desktop/Digital-Recognition-master/project/spartan_cam.runs/system_microblaze_0_0_synth_1/runme.log
system_axi_uartlite_0_0_synth_1: C:/Users/sy/Desktop/Digital-Recognition-master/project/spartan_cam.runs/system_axi_uartlite_0_0_synth_1/runme.log
system_clk_wiz_1_0_synth_1: C:/Users/sy/Desktop/Digital-Recognition-master/project/spartan_cam.runs/system_clk_wiz_1_0_synth_1/runme.log
system_digital_recognition_0_0_synth_1: C:/Users/sy/Desktop/Digital-Recognition-master/project/spartan_cam.runs/system_digital_recognition_0_0_synth_1/runme.log
system_lmb_bram_0_synth_1: C:/Users/sy/Desktop/Digital-Recognition-master/project/spartan_cam.runs/system_lmb_bram_0_synth_1/runme.log
system_xbar_0_synth_1: C:/Users/sy/Desktop/Digital-Recognition-master/project/spartan_cam.runs/system_xbar_0_synth_1/runme.log
[Wed Jul 29 15:43:35 2020] Launched synth_1...
Run output will be captured here: C:/Users/sy/Desktop/Digital-Recognition-master/project/spartan_cam.runs/synth_1/runme.log
launch_runs: Time (s): cpu = 00:00:18 ; elapsed = 00:00:30 . Memory (MB): peak = 1310.914 ; gain = 3.234
launch_runs impl_1 -jobs 2
[Wed Jul 29 16:06:32 2020] Launched impl_1...
Run output will be captured here: C:/Users/sy/Desktop/Digital-Recognition-master/project/spartan_cam.runs/impl_1/runme.log
launch_runs impl_1 -to_step write_bitstream -jobs 2
[Wed Jul 29 16:12:27 2020] Launched impl_1...
Run output will be captured here: C:/Users/sy/Desktop/Digital-Recognition-master/project/spartan_cam.runs/impl_1/runme.log
open_bd_design {C:/Users/sy/Desktop/Digital-Recognition-master/project/spartan_cam.srcs/sources_1/bd/system/system.bd}
upgrade_ip -vlnv xilinx.com:module_ref:digital_recognition:1.0 [get_ips  system_digital_recognition_0_0] -log ip_upgrade.log
INFO: [IP_Flow 19-818] Not transferring value dependency attribute "(spirit:decode(id('MODELPARAM_VALUE.CENTER_H')) - 100)" into user parameter "VtcHCnt_l".
INFO: [IP_Flow 19-818] Not transferring value dependency attribute "(spirit:decode(id('MODELPARAM_VALUE.CENTER_H')) + 100)" into user parameter "VtcHCnt_r".
INFO: [IP_Flow 19-818] Not transferring value dependency attribute "(spirit:decode(id('MODELPARAM_VALUE.CENTER_V')) - 133)" into user parameter "VtcVCnt_u".
INFO: [IP_Flow 19-818] Not transferring value dependency attribute "(spirit:decode(id('MODELPARAM_VALUE.CENTER_V')) + 133)" into user parameter "VtcVCnt_d".
INFO: [IP_Flow 19-818] Not transferring value dependency attribute "((spirit:decode(id('MODELPARAM_VALUE.CENTER_V')) - (spirit:decode(id('MODELPARAM_VALUE.VtcVCnt_max')) >> 1)) + ((spirit:decode(id('MODELPARAM_VALUE.VtcVCnt_max')) * 410) >> 10))" into user parameter "X1".
INFO: [IP_Flow 19-818] Not transferring value dependency attribute "((spirit:decode(id('MODELPARAM_VALUE.CENTER_V')) - (spirit:decode(id('MODELPARAM_VALUE.VtcVCnt_max')) >> 1)) + ((spirit:decode(id('MODELPARAM_VALUE.VtcVCnt_max')) * 683) >> 10))" into user parameter "X2".
INFO: [IP_Flow 19-234] Refreshing IP repositories
INFO: [IP_Flow 19-1700] Loaded user IP repository 'c:/Users/sy/Desktop/Digital-Recognition-master/project/ip'.
WARNING: [IP_Flow 19-2248] Failed to load user IP repository 'c:/Users/sy/Desktop/project_1/project_1.srcs/sources_1/new'; Can't find the specified path.
If this directory should no longer be in your list of user repositories, go to the IP Settings dialog and remove it.
Upgrading 'C:/Users/sy/Desktop/Digital-Recognition-master/project/spartan_cam.srcs/sources_1/bd/system/system.bd'
INFO: [IP_Flow 19-1972] Upgraded system_digital_recognition_0_0 from digital_recognition_v1_0 1.0 to digital_recognition_v1_0 1.0
WARNING: [BD 41-1731] Type mismatch between connected pins: /clk_wiz_1/clk_out1(clk) and /digital_recognition_0_upgraded_ipi/pclk(undef)
Wrote  : <C:\Users\sy\Desktop\Digital-Recognition-master\project\spartan_cam.srcs\sources_1\bd\system\system.bd> 
INFO: [Coretcl 2-1525] Wrote upgrade log to 'C:/Users/sy/Desktop/Digital-Recognition-master/project/ip_upgrade.log'.
upgrade_ip: Time (s): cpu = 00:00:03 ; elapsed = 00:00:07 . Memory (MB): peak = 1344.730 ; gain = 0.000
export_ip_user_files -of_objects [get_ips system_digital_recognition_0_0] -no_script -sync -force -quiet
generate_target all [get_files  C:/Users/sy/Desktop/Digital-Recognition-master/project/spartan_cam.srcs/sources_1/bd/system/system.bd]
WARNING: [BD 41-927] Following properties on pin /csi2_d_phy_rx_0/in_delay_clk have been updated from connected ip. They may not be synchronized with cell properties. You can set property on pin directly to confirm the value and resolve the warning.
	CLK_DOMAIN=/clk_wiz_0_clk_out1 
WARNING: [BD 41-927] Following properties on pin /csi2_d_phy_rx_0/rxbyteclkhs have been updated from connected ip. They may not be synchronized with cell properties. You can set property on pin directly to confirm the value and resolve the warning.
	CLK_DOMAIN=system_csi2_d_phy_rx_0_1_rxbyteclkhs 
WARNING: [BD 41-927] Following properties on pin /rgb2dvi_0/PixelClk have been updated from connected ip. They may not be synchronized with cell properties. You can set property on pin directly to confirm the value and resolve the warning.
	CLK_DOMAIN=/clk_wiz_1_clk_out1 
WARNING: [BD 41-927] Following properties on pin /rgb2dvi_0/SerialClk have been updated from connected ip. They may not be synchronized with cell properties. You can set property on pin directly to confirm the value and resolve the warning.
	CLK_DOMAIN=/clk_wiz_1_clk_out1 
WARNING: [BD 41-927] Following properties on pin /bayer2rgb_0/clk have been updated from connected ip. They may not be synchronized with cell properties. You can set property on pin directly to confirm the value and resolve the warning.
	CLK_DOMAIN=/clk_wiz_1_clk_out1 
WARNING: [BD 41-927] Following properties on pin /csi2dvp_0/s_axis_aclk have been updated from connected ip. They may not be synchronized with cell properties. You can set property on pin directly to confirm the value and resolve the warning.
	CLK_DOMAIN=system_csi2_d_phy_rx_0_1_rxbyteclkhs 
WARNING: [BD 41-927] Following properties on pin /csi2dvp_0/vid_clk have been updated from connected ip. They may not be synchronized with cell properties. You can set property on pin directly to confirm the value and resolve the warning.
	CLK_DOMAIN=/clk_wiz_1_clk_out1 
Wrote  : <C:\Users\sy\Desktop\Digital-Recognition-master\project\spartan_cam.srcs\sources_1\bd\system\system.bd> 
VHDL Output written to : C:/Users/sy/Desktop/Digital-Recognition-master/project/spartan_cam.srcs/sources_1/bd/system/synth/system.v
VHDL Output written to : C:/Users/sy/Desktop/Digital-Recognition-master/project/spartan_cam.srcs/sources_1/bd/system/sim/system.v
VHDL Output written to : C:/Users/sy/Desktop/Digital-Recognition-master/project/spartan_cam.srcs/sources_1/bd/system/hdl/system_wrapper.v
INFO: [BD 41-1029] Generation completed for the IP Integrator block clk_wiz_0 .
INFO: [BD 41-1029] Generation completed for the IP Integrator block xlconstant_0 .
INFO: [BD 41-1029] Generation completed for the IP Integrator block csi2_d_phy_rx_0 .
INFO: [BD 41-1029] Generation completed for the IP Integrator block csi_to_axis_0 .
INFO: [BD 41-1029] Generation completed for the IP Integrator block microblaze_0 .
INFO: [BD 41-1029] Generation completed for the IP Integrator block mdm_1 .
INFO: [BD 41-1029] Generation completed for the IP Integrator block rst_clk_wiz_0_200M .
INFO: [BD 41-1029] Generation completed for the IP Integrator block microblaze_0_local_memory/dlmb_v10 .
INFO: [BD 41-1029] Generation completed for the IP Integrator block microblaze_0_local_memory/ilmb_v10 .
INFO: [BD 41-1029] Generation completed for the IP Integrator block microblaze_0_local_memory/dlmb_bram_if_cntlr .
INFO: [BD 41-1029] Generation completed for the IP Integrator block microblaze_0_local_memory/ilmb_bram_if_cntlr .
INFO: [BD 41-1029] Generation completed for the IP Integrator block microblaze_0_local_memory/lmb_bram .
INFO: [BD 41-1029] Generation completed for the IP Integrator block axi_iic_0 .
INFO: [BD 41-1029] Generation completed for the IP Integrator block csi2dvp_0 .
INFO: [BD 41-1029] Generation completed for the IP Integrator block clk_wiz_1 .
INFO: [BD 41-1029] Generation completed for the IP Integrator block axi_uartlite_0 .
INFO: [BD 41-1029] Generation completed for the IP Integrator block bayer2rgb_0 .
INFO: [BD 41-1029] Generation completed for the IP Integrator block rgb2dvi_0 .
INFO: [BD 41-1029] Generation completed for the IP Integrator block rgb_test_0 .
INFO: [BD 41-1029] Generation completed for the IP Integrator block digital_recognition_0 .
INFO: [BD 41-1029] Generation completed for the IP Integrator block lcd_num_0 .
INFO: [BD 41-1029] Generation completed for the IP Integrator block microblaze_0_axi_periph/xbar .
Exporting to file C:/Users/sy/Desktop/Digital-Recognition-master/project/spartan_cam.srcs/sources_1/bd/system/hw_handoff/system.hwh
Generated Block Design Tcl file C:/Users/sy/Desktop/Digital-Recognition-master/project/spartan_cam.srcs/sources_1/bd/system/hw_handoff/system_bd.tcl
Generated Hardware Definition File C:/Users/sy/Desktop/Digital-Recognition-master/project/spartan_cam.srcs/sources_1/bd/system/synth/system.hwdef
generate_target: Time (s): cpu = 00:00:06 ; elapsed = 00:00:08 . Memory (MB): peak = 1388.207 ; gain = 34.238
export_ip_user_files -of_objects [get_files C:/Users/sy/Desktop/Digital-Recognition-master/project/spartan_cam.srcs/sources_1/bd/system/system.bd] -no_script -sync -force -quiet
create_ip_run [get_files -of_objects [get_fileset sources_1] C:/Users/sy/Desktop/Digital-Recognition-master/project/spartan_cam.srcs/sources_1/bd/system/system.bd]
create_ip_run: Time (s): cpu = 00:00:01 ; elapsed = 00:00:06 . Memory (MB): peak = 1388.395 ; gain = 0.188
launch_runs -jobs 2 system_digital_recognition_0_0_synth_1
[Wed Jul 29 16:55:41 2020] Launched system_digital_recognition_0_0_synth_1...
Run output will be captured here: C:/Users/sy/Desktop/Digital-Recognition-master/project/spartan_cam.runs/system_digital_recognition_0_0_synth_1/runme.log
export_simulation -of_objects [get_files C:/Users/sy/Desktop/Digital-Recognition-master/project/spartan_cam.srcs/sources_1/bd/system/system.bd] -directory C:/Users/sy/Desktop/Digital-Recognition-master/project/spartan_cam.ip_user_files/sim_scripts -ip_user_files_dir C:/Users/sy/Desktop/Digital-Recognition-master/project/spartan_cam.ip_user_files -ipstatic_source_dir C:/Users/sy/Desktop/Digital-Recognition-master/project/spartan_cam.ip_user_files/ipstatic -lib_map_path [list {modelsim=C:/Users/sy/Desktop/Digital-Recognition-master/project/spartan_cam.cache/compile_simlib/modelsim} {questa=C:/Users/sy/Desktop/Digital-Recognition-master/project/spartan_cam.cache/compile_simlib/questa} {riviera=C:/Users/sy/Desktop/Digital-Recognition-master/project/spartan_cam.cache/compile_simlib/riviera} {activehdl=C:/Users/sy/Desktop/Digital-Recognition-master/project/spartan_cam.cache/compile_simlib/activehdl}] -use_ip_compiled_libs -force -quiet
reset_run synth_1
WARNING: [Vivado 12-1017] Problems encountered:
1. Failed to delete one or more files in run directory C:/Users/sy/Desktop/Digital-Recognition-master/project/spartan_cam.runs/synth_1

launch_runs impl_1 -to_step write_bitstream -jobs 2
