#-----------------------------------------------------------
# Vivado v2018.3 (64-bit)
# SW Build 2405991 on Thu Dec  6 23:38:27 MST 2018
# IP Build 2404404 on Fri Dec  7 01:43:56 MST 2018
# Start of session at: Wed Jul 29 16:58:12 2020
# Process ID: 5140
# Current directory: C:/Users/sy/Desktop/Digital-Recognition-master/project
# Command line: vivado.exe -gui_launcher_event rodinguilauncherevent19592 C:\Users\sy\Desktop\Digital-Recognition-master\project\spartan_cam.xpr
# Log file: C:/Users/sy/Desktop/Digital-Recognition-master/project/vivado.log
# Journal file: C:/Users/sy/Desktop/Digital-Recognition-master/project\vivado.jou
#-----------------------------------------------------------
start_gui
open_project C:/Users/sy/Desktop/Digital-Recognition-master/project/spartan_cam.xpr
CRITICAL WARNING: [Project 1-19] Could not find the file 'C:/users/dell/desktop/color_detect/spartan_cam/component.xml'.
Scanning sources...
Finished scanning sources
WARNING: [filemgmt 56-3] IP Repository Path: Could not find the directory 'C:/Users/sy/Desktop/project_1/project_1.srcs/sources_1/new'.
INFO: [IP_Flow 19-234] Refreshing IP repositories
INFO: [IP_Flow 19-1700] Loaded user IP repository 'c:/Users/sy/Desktop/Digital-Recognition-master/project/ip'.
WARNING: [IP_Flow 19-2248] Failed to load user IP repository 'c:/Users/sy/Desktop/project_1/project_1.srcs/sources_1/new'; Can't find the specified path.
If this directory should no longer be in your list of user repositories, go to the IP Settings dialog and remove it.
INFO: [IP_Flow 19-2313] Loaded Vivado IP repository 'E:/vivado/Vivado/2018.3/data/ip'.
WARNING: [IP_Flow 19-3664] IP 'system_digital_recognition_0_0' generated file not found 'c:/Users/sy/Desktop/Digital-Recognition-master/project/spartan_cam.srcs/sources_1/bd/system/ip/system_digital_recognition_0_0/system_digital_recognition_0_0.dcp'. Please regenerate to continue.
WARNING: [IP_Flow 19-3664] IP 'system_digital_recognition_0_0' generated file not found 'c:/Users/sy/Desktop/Digital-Recognition-master/project/spartan_cam.srcs/sources_1/bd/system/ip/system_digital_recognition_0_0/system_digital_recognition_0_0_stub.v'. Please regenerate to continue.
WARNING: [IP_Flow 19-3664] IP 'system_digital_recognition_0_0' generated file not found 'c:/Users/sy/Desktop/Digital-Recognition-master/project/spartan_cam.srcs/sources_1/bd/system/ip/system_digital_recognition_0_0/system_digital_recognition_0_0_stub.vhdl'. Please regenerate to continue.
WARNING: [IP_Flow 19-3664] IP 'system_digital_recognition_0_0' generated file not found 'c:/Users/sy/Desktop/Digital-Recognition-master/project/spartan_cam.srcs/sources_1/bd/system/ip/system_digital_recognition_0_0/system_digital_recognition_0_0_sim_netlist.v'. Please regenerate to continue.
WARNING: [IP_Flow 19-3664] IP 'system_digital_recognition_0_0' generated file not found 'c:/Users/sy/Desktop/Digital-Recognition-master/project/spartan_cam.srcs/sources_1/bd/system/ip/system_digital_recognition_0_0/system_digital_recognition_0_0_sim_netlist.vhdl'. Please regenerate to continue.
open_project: Time (s): cpu = 00:00:43 ; elapsed = 00:00:29 . Memory (MB): peak = 858.348 ; gain = 255.828
update_compile_order -fileset sources_1
upgrade_ip [get_ips]
WARNING: [Coretcl 2-1042] No IP was identified for upgrade.
INFO: [IP_Flow 19-1976] HDL Parser: Replacing 'DELAY_LINE' by 2 for port or parameter 'vsync_delay'
INFO: [IP_Flow 19-1976] HDL Parser: Replacing 'DELAY_LINE' by 2 for port or parameter 'de_delay'
INFO: [IP_Flow 19-5107] Inferred bus interface 'clk' of definition 'xilinx.com:signal:clock:1.0' (from Xilinx Repository).
WARNING: [IP_Flow 19-3153] Bus Interface 'clk': ASSOCIATED_BUSIF bus parameter is missing.
INFO: [IP_Flow 19-234] Refreshing IP repositories
INFO: [IP_Flow 19-1700] Loaded user IP repository 'c:/Users/sy/Desktop/Digital-Recognition-master/project/ip'.
WARNING: [IP_Flow 19-2248] Failed to load user IP repository 'c:/Users/sy/Desktop/project_1/project_1.srcs/sources_1/new'; Can't find the specified path.
If this directory should no longer be in your list of user repositories, go to the IP Settings dialog and remove it.
INFO: [IP_Flow 19-5107] Inferred bus interface 's_axis' of definition 'xilinx.com:interface:axis:1.0' (from Xilinx Repository).
INFO: [IP_Flow 19-5107] Inferred bus interface 's_axis_aclk' of definition 'xilinx.com:signal:clock:1.0' (from Xilinx Repository).
INFO: [IP_Flow 19-5107] Inferred bus interface 'vid_clk' of definition 'xilinx.com:signal:clock:1.0' (from Xilinx Repository).
INFO: [IP_Flow 19-4728] Bus Interface 's_axis_aclk': Added interface parameter 'ASSOCIATED_BUSIF' with value 's_axis'.
WARNING: [IP_Flow 19-3153] Bus Interface 'vid_clk': ASSOCIATED_BUSIF bus parameter is missing.
INFO: [IP_Flow 19-234] Refreshing IP repositories
INFO: [IP_Flow 19-1700] Loaded user IP repository 'c:/Users/sy/Desktop/Digital-Recognition-master/project/ip'.
WARNING: [IP_Flow 19-2248] Failed to load user IP repository 'c:/Users/sy/Desktop/project_1/project_1.srcs/sources_1/new'; Can't find the specified path.
If this directory should no longer be in your list of user repositories, go to the IP Settings dialog and remove it.
INFO: [IP_Flow 19-818] Not transferring value dependency attribute "(spirit:decode(id('MODELPARAM_VALUE.CENTER_H')) - 100)" into user parameter "VtcHCnt_l".
INFO: [IP_Flow 19-818] Not transferring value dependency attribute "(spirit:decode(id('MODELPARAM_VALUE.CENTER_H')) + 100)" into user parameter "VtcHCnt_r".
INFO: [IP_Flow 19-818] Not transferring value dependency attribute "(spirit:decode(id('MODELPARAM_VALUE.CENTER_V')) - 133)" into user parameter "VtcVCnt_u".
INFO: [IP_Flow 19-818] Not transferring value dependency attribute "(spirit:decode(id('MODELPARAM_VALUE.CENTER_V')) + 133)" into user parameter "VtcVCnt_d".
INFO: [IP_Flow 19-818] Not transferring value dependency attribute "((spirit:decode(id('MODELPARAM_VALUE.CENTER_V')) - (spirit:decode(id('MODELPARAM_VALUE.VtcVCnt_max')) >> 1)) + ((spirit:decode(id('MODELPARAM_VALUE.VtcVCnt_max')) * 410) >> 10))" into user parameter "X1".
INFO: [IP_Flow 19-818] Not transferring value dependency attribute "((spirit:decode(id('MODELPARAM_VALUE.CENTER_V')) - (spirit:decode(id('MODELPARAM_VALUE.VtcVCnt_max')) >> 1)) + ((spirit:decode(id('MODELPARAM_VALUE.VtcVCnt_max')) * 683) >> 10))" into user parameter "X2".
INFO: [IP_Flow 19-234] Refreshing IP repositories
INFO: [IP_Flow 19-1700] Loaded user IP repository 'c:/Users/sy/Desktop/Digital-Recognition-master/project/ip'.
WARNING: [IP_Flow 19-2248] Failed to load user IP repository 'c:/Users/sy/Desktop/project_1/project_1.srcs/sources_1/new'; Can't find the specified path.
If this directory should no longer be in your list of user repositories, go to the IP Settings dialog and remove it.
INFO: [IP_Flow 19-234] Refreshing IP repositories
INFO: [IP_Flow 19-1700] Loaded user IP repository 'c:/Users/sy/Desktop/Digital-Recognition-master/project/ip'.
WARNING: [IP_Flow 19-2248] Failed to load user IP repository 'c:/Users/sy/Desktop/project_1/project_1.srcs/sources_1/new'; Can't find the specified path.
If this directory should no longer be in your list of user repositories, go to the IP Settings dialog and remove it.
INFO: [IP_Flow 19-234] Refreshing IP repositories
INFO: [IP_Flow 19-1700] Loaded user IP repository 'c:/Users/sy/Desktop/Digital-Recognition-master/project/ip'.
WARNING: [IP_Flow 19-2248] Failed to load user IP repository 'c:/Users/sy/Desktop/project_1/project_1.srcs/sources_1/new'; Can't find the specified path.
If this directory should no longer be in your list of user repositories, go to the IP Settings dialog and remove it.
reset_run system_digital_recognition_0_0_synth_1
launch_runs synth_1 -jobs 2
[Wed Jul 29 17:01:49 2020] Launched system_digital_recognition_0_0_synth_1...
Run output will be captured here: C:/Users/sy/Desktop/Digital-Recognition-master/project/spartan_cam.runs/system_digital_recognition_0_0_synth_1/runme.log
[Wed Jul 29 17:01:49 2020] Launched synth_1...
Run output will be captured here: C:/Users/sy/Desktop/Digital-Recognition-master/project/spartan_cam.runs/synth_1/runme.log
launch_runs impl_1 -jobs 2
[Wed Jul 29 17:05:30 2020] Launched impl_1...
Run output will be captured here: C:/Users/sy/Desktop/Digital-Recognition-master/project/spartan_cam.runs/impl_1/runme.log
launch_runs impl_1 -to_step write_bitstream -jobs 2
[Wed Jul 29 17:12:18 2020] Launched impl_1...
Run output will be captured here: C:/Users/sy/Desktop/Digital-Recognition-master/project/spartan_cam.runs/impl_1/runme.log
exit
INFO: [Common 17-206] Exiting Vivado at Wed Jul 29 19:01:15 2020...
