#-----------------------------------------------------------
# Vivado v2018.3 (64-bit)
# SW Build 2405991 on Thu Dec  6 23:38:27 MST 2018
# IP Build 2404404 on Fri Dec  7 01:43:56 MST 2018
# Start of session at: Sat Aug  1 11:58:46 2020
# Process ID: 10732
# Current directory: C:/Users/sy/Desktop/Digital-Recognition-master/project
# Command line: vivado.exe -gui_launcher_event rodinguilauncherevent11156 C:\Users\sy\Desktop\Digital-Recognition-master\project\spartan_cam.xpr
# Log file: C:/Users/sy/Desktop/Digital-Recognition-master/project/vivado.log
# Journal file: C:/Users/sy/Desktop/Digital-Recognition-master/project\vivado.jou
#-----------------------------------------------------------
start_gui
open_project C:/Users/sy/Desktop/Digital-Recognition-master/project/spartan_cam.xpr
Scanning sources...
Finished scanning sources
WARNING: [filemgmt 56-3] IP Repository Path: Could not find the directory 'C:/Users/sy/Desktop/project_1/project_1.srcs/sources_1/new'.
INFO: [IP_Flow 19-234] Refreshing IP repositories
INFO: [IP_Flow 19-1700] Loaded user IP repository 'c:/Users/sy/Desktop/Digital-Recognition-master/project/ip'.
WARNING: [IP_Flow 19-2248] Failed to load user IP repository 'c:/Users/sy/Desktop/project_1/project_1.srcs/sources_1/new'; Can't find the specified path.
If this directory should no longer be in your list of user repositories, go to the IP Settings dialog and remove it.
INFO: [IP_Flow 19-2313] Loaded Vivado IP repository 'E:/vivado/Vivado/2018.3/data/ip'.
open_project: Time (s): cpu = 00:00:45 ; elapsed = 00:00:29 . Memory (MB): peak = 903.836 ; gain = 68.801
update_compile_order -fileset sources_1
export_ip_user_files -of_objects  [get_files C:/Users/sy/Desktop/Digital-Recognition-master/project/spartan_cam.srcs/sources_1/imports/new/munber_show.v] -no_script -reset -force -quiet
remove_files  C:/Users/sy/Desktop/Digital-Recognition-master/project/spartan_cam.srcs/sources_1/imports/new/munber_show.v
close [ open C:/Users/sy/Desktop/Digital-Recognition-master/project/spartan_cam.srcs/sources_1/new/number_show.v w ]
add_files C:/Users/sy/Desktop/Digital-Recognition-master/project/spartan_cam.srcs/sources_1/new/number_show.v
update_compile_order -fileset sources_1
reset_run synth_1
launch_runs synth_1 -jobs 2
[Sat Aug  1 12:04:43 2020] Launched synth_1...
Run output will be captured here: C:/Users/sy/Desktop/Digital-Recognition-master/project/spartan_cam.runs/synth_1/runme.log
launch_runs impl_1 -jobs 2
[Sat Aug  1 12:06:56 2020] Launched impl_1...
Run output will be captured here: C:/Users/sy/Desktop/Digital-Recognition-master/project/spartan_cam.runs/impl_1/runme.log
launch_runs impl_1 -to_step write_bitstream -jobs 2
[Sat Aug  1 12:13:10 2020] Launched impl_1...
Run output will be captured here: C:/Users/sy/Desktop/Digital-Recognition-master/project/spartan_cam.runs/impl_1/runme.log
exit
INFO: [Common 17-206] Exiting Vivado at Sat Aug  1 12:31:37 2020...
