
*** Running vivado
    with args -log system_wrapper.vds -m64 -product Vivado -mode batch -messageDb vivado.pb -notrace -source system_wrapper.tcl


****** Vivado v2018.3 (64-bit)
  **** SW Build 2405991 on Thu Dec  6 23:38:27 MST 2018
  **** IP Build 2404404 on Fri Dec  7 01:43:56 MST 2018
    ** Copyright 1986-2018 Xilinx, Inc. All Rights Reserved.

source system_wrapper.tcl -notrace
INFO: [IP_Flow 19-234] Refreshing IP repositories
INFO: [IP_Flow 19-1700] Loaded user IP repository 'c:/Users/sy/Desktop/Digital-Recognition-master/project/ip'.
WARNING: [IP_Flow 19-2248] Failed to load user IP repository 'c:/Users/sy/Desktop/project_1/project_1.srcs/sources_1/new'; Can't find the specified path.
If this directory should no longer be in your list of user repositories, go to the IP Settings dialog and remove it.
INFO: [IP_Flow 19-2313] Loaded Vivado IP repository 'E:/vivado/Vivado/2018.3/data/ip'.
update_ip_catalog: Time (s): cpu = 00:00:06 ; elapsed = 00:00:07 . Memory (MB): peak = 350.613 ; gain = 31.207
add_files: Time (s): cpu = 00:00:05 ; elapsed = 00:00:19 . Memory (MB): peak = 389.914 ; gain = 39.301
Command: synth_design -top system_wrapper -part xc7s15ftgb196-1
Starting synth_design
Attempting to get a license for feature 'Synthesis' and/or device 'xc7s15'
INFO: [Common 17-349] Got license for feature 'Synthesis' and/or device 'xc7s15'
INFO: Launching helper process for spawning children vivado processes
INFO: Helper process launched with PID 17868 
---------------------------------------------------------------------------------
Starting RTL Elaboration : Time (s): cpu = 00:00:06 ; elapsed = 00:00:08 . Memory (MB): peak = 498.906 ; gain = 102.086
---------------------------------------------------------------------------------
INFO: [Synth 8-6157] synthesizing module 'system_wrapper' [C:/Users/sy/Desktop/Digital-Recognition-master/project/spartan_cam.srcs/sources_1/bd/system/hdl/system_wrapper.v:12]
INFO: [Synth 8-6157] synthesizing module 'IOBUF' [E:/vivado/Vivado/2018.3/scripts/rt/data/unisim_comp.v:23615]
	Parameter DRIVE bound to: 12 - type: integer 
	Parameter IBUF_LOW_PWR bound to: TRUE - type: string 
	Parameter IOSTANDARD bound to: DEFAULT - type: string 
	Parameter SLEW bound to: SLOW - type: string 
INFO: [Synth 8-6155] done synthesizing module 'IOBUF' (1#1) [E:/vivado/Vivado/2018.3/scripts/rt/data/unisim_comp.v:23615]
INFO: [Synth 8-6157] synthesizing module 'system' [C:/Users/sy/Desktop/Digital-Recognition-master/project/spartan_cam.srcs/sources_1/bd/system/synth/system.v:915]
INFO: [Synth 8-6157] synthesizing module 'system_axi_iic_0_0' [C:/Users/sy/Desktop/Digital-Recognition-master/project/spartan_cam.runs/synth_1/.Xil/Vivado-19976-LAPTOP-7CVIAM7Q/realtime/system_axi_iic_0_0_stub.v:6]
INFO: [Synth 8-6155] done synthesizing module 'system_axi_iic_0_0' (2#1) [C:/Users/sy/Desktop/Digital-Recognition-master/project/spartan_cam.runs/synth_1/.Xil/Vivado-19976-LAPTOP-7CVIAM7Q/realtime/system_axi_iic_0_0_stub.v:6]
WARNING: [Synth 8-350] instance 'axi_iic_0' of module 'system_axi_iic_0_0' requires 27 connections, but only 25 given [C:/Users/sy/Desktop/Digital-Recognition-master/project/spartan_cam.srcs/sources_1/bd/system/synth/system.v:1126]
INFO: [Synth 8-6157] synthesizing module 'system_axi_uartlite_0_0' [C:/Users/sy/Desktop/Digital-Recognition-master/project/spartan_cam.runs/synth_1/.Xil/Vivado-19976-LAPTOP-7CVIAM7Q/realtime/system_axi_uartlite_0_0_stub.v:6]
INFO: [Synth 8-6155] done synthesizing module 'system_axi_uartlite_0_0' (3#1) [C:/Users/sy/Desktop/Digital-Recognition-master/project/spartan_cam.runs/synth_1/.Xil/Vivado-19976-LAPTOP-7CVIAM7Q/realtime/system_axi_uartlite_0_0_stub.v:6]
WARNING: [Synth 8-350] instance 'axi_uartlite_0' of module 'system_axi_uartlite_0_0' requires 22 connections, but only 21 given [C:/Users/sy/Desktop/Digital-Recognition-master/project/spartan_cam.srcs/sources_1/bd/system/synth/system.v:1152]
INFO: [Synth 8-6157] synthesizing module 'system_bayer2rgb_0_0' [C:/Users/sy/Desktop/Digital-Recognition-master/project/spartan_cam.runs/synth_1/.Xil/Vivado-19976-LAPTOP-7CVIAM7Q/realtime/system_bayer2rgb_0_0_stub.v:6]
INFO: [Synth 8-6155] done synthesizing module 'system_bayer2rgb_0_0' (4#1) [C:/Users/sy/Desktop/Digital-Recognition-master/project/spartan_cam.runs/synth_1/.Xil/Vivado-19976-LAPTOP-7CVIAM7Q/realtime/system_bayer2rgb_0_0_stub.v:6]
INFO: [Synth 8-6157] synthesizing module 'system_clk_wiz_0_1' [C:/Users/sy/Desktop/Digital-Recognition-master/project/spartan_cam.runs/synth_1/.Xil/Vivado-19976-LAPTOP-7CVIAM7Q/realtime/system_clk_wiz_0_1_stub.v:5]
INFO: [Synth 8-6155] done synthesizing module 'system_clk_wiz_0_1' (5#1) [C:/Users/sy/Desktop/Digital-Recognition-master/project/spartan_cam.runs/synth_1/.Xil/Vivado-19976-LAPTOP-7CVIAM7Q/realtime/system_clk_wiz_0_1_stub.v:5]
INFO: [Synth 8-6157] synthesizing module 'system_clk_wiz_1_0' [C:/Users/sy/Desktop/Digital-Recognition-master/project/spartan_cam.runs/synth_1/.Xil/Vivado-19976-LAPTOP-7CVIAM7Q/realtime/system_clk_wiz_1_0_stub.v:5]
INFO: [Synth 8-6155] done synthesizing module 'system_clk_wiz_1_0' (6#1) [C:/Users/sy/Desktop/Digital-Recognition-master/project/spartan_cam.runs/synth_1/.Xil/Vivado-19976-LAPTOP-7CVIAM7Q/realtime/system_clk_wiz_1_0_stub.v:5]
INFO: [Synth 8-6157] synthesizing module 'system_csi2_d_phy_rx_0_1' [C:/Users/sy/Desktop/Digital-Recognition-master/project/spartan_cam.runs/synth_1/.Xil/Vivado-19976-LAPTOP-7CVIAM7Q/realtime/system_csi2_d_phy_rx_0_1_stub.v:6]
INFO: [Synth 8-6155] done synthesizing module 'system_csi2_d_phy_rx_0_1' (7#1) [C:/Users/sy/Desktop/Digital-Recognition-master/project/spartan_cam.runs/synth_1/.Xil/Vivado-19976-LAPTOP-7CVIAM7Q/realtime/system_csi2_d_phy_rx_0_1_stub.v:6]
WARNING: [Synth 8-350] instance 'csi2_d_phy_rx_0' of module 'system_csi2_d_phy_rx_0_1' requires 33 connections, but only 25 given [C:/Users/sy/Desktop/Digital-Recognition-master/project/spartan_cam.srcs/sources_1/bd/system/synth/system.v:1194]
INFO: [Synth 8-6157] synthesizing module 'system_csi2dvp_0_0' [C:/Users/sy/Desktop/Digital-Recognition-master/project/spartan_cam.runs/synth_1/.Xil/Vivado-19976-LAPTOP-7CVIAM7Q/realtime/system_csi2dvp_0_0_stub.v:6]
INFO: [Synth 8-6155] done synthesizing module 'system_csi2dvp_0_0' (8#1) [C:/Users/sy/Desktop/Digital-Recognition-master/project/spartan_cam.runs/synth_1/.Xil/Vivado-19976-LAPTOP-7CVIAM7Q/realtime/system_csi2dvp_0_0_stub.v:6]
INFO: [Synth 8-6157] synthesizing module 'system_csi_to_axis_0_1' [C:/Users/sy/Desktop/Digital-Recognition-master/project/spartan_cam.runs/synth_1/.Xil/Vivado-19976-LAPTOP-7CVIAM7Q/realtime/system_csi_to_axis_0_1_stub.v:6]
INFO: [Synth 8-6155] done synthesizing module 'system_csi_to_axis_0_1' (9#1) [C:/Users/sy/Desktop/Digital-Recognition-master/project/spartan_cam.runs/synth_1/.Xil/Vivado-19976-LAPTOP-7CVIAM7Q/realtime/system_csi_to_axis_0_1_stub.v:6]
INFO: [Synth 8-6157] synthesizing module 'system_digital_recognition_0_0' [C:/Users/sy/Desktop/Digital-Recognition-master/project/spartan_cam.runs/synth_1/.Xil/Vivado-19976-LAPTOP-7CVIAM7Q/realtime/system_digital_recognition_0_0_stub.v:6]
INFO: [Synth 8-6155] done synthesizing module 'system_digital_recognition_0_0' (10#1) [C:/Users/sy/Desktop/Digital-Recognition-master/project/spartan_cam.runs/synth_1/.Xil/Vivado-19976-LAPTOP-7CVIAM7Q/realtime/system_digital_recognition_0_0_stub.v:6]
INFO: [Synth 8-6157] synthesizing module 'system_lcd_num_0_0' [C:/Users/sy/Desktop/Digital-Recognition-master/project/spartan_cam.runs/synth_1/.Xil/Vivado-19976-LAPTOP-7CVIAM7Q/realtime/system_lcd_num_0_0_stub.v:6]
INFO: [Synth 8-6155] done synthesizing module 'system_lcd_num_0_0' (11#1) [C:/Users/sy/Desktop/Digital-Recognition-master/project/spartan_cam.runs/synth_1/.Xil/Vivado-19976-LAPTOP-7CVIAM7Q/realtime/system_lcd_num_0_0_stub.v:6]
INFO: [Synth 8-6157] synthesizing module 'system_mdm_1_0' [C:/Users/sy/Desktop/Digital-Recognition-master/project/spartan_cam.runs/synth_1/.Xil/Vivado-19976-LAPTOP-7CVIAM7Q/realtime/system_mdm_1_0_stub.v:6]
INFO: [Synth 8-6155] done synthesizing module 'system_mdm_1_0' (12#1) [C:/Users/sy/Desktop/Digital-Recognition-master/project/spartan_cam.runs/synth_1/.Xil/Vivado-19976-LAPTOP-7CVIAM7Q/realtime/system_mdm_1_0_stub.v:6]
INFO: [Synth 8-6157] synthesizing module 'system_microblaze_0_0' [C:/Users/sy/Desktop/Digital-Recognition-master/project/spartan_cam.runs/synth_1/.Xil/Vivado-19976-LAPTOP-7CVIAM7Q/realtime/system_microblaze_0_0_stub.v:6]
INFO: [Synth 8-6155] done synthesizing module 'system_microblaze_0_0' (13#1) [C:/Users/sy/Desktop/Digital-Recognition-master/project/spartan_cam.runs/synth_1/.Xil/Vivado-19976-LAPTOP-7CVIAM7Q/realtime/system_microblaze_0_0_stub.v:6]
WARNING: [Synth 8-350] instance 'microblaze_0' of module 'system_microblaze_0_0' requires 52 connections, but only 51 given [C:/Users/sy/Desktop/Digital-Recognition-master/project/spartan_cam.srcs/sources_1/bd/system/synth/system.v:1281]
INFO: [Synth 8-6157] synthesizing module 'system_microblaze_0_axi_periph_0' [C:/Users/sy/Desktop/Digital-Recognition-master/project/spartan_cam.srcs/sources_1/bd/system/synth/system.v:1462]
INFO: [Synth 8-6157] synthesizing module 'm00_couplers_imp_1RZ0IW6' [C:/Users/sy/Desktop/Digital-Recognition-master/project/spartan_cam.srcs/sources_1/bd/system/synth/system.v:12]
INFO: [Synth 8-6155] done synthesizing module 'm00_couplers_imp_1RZ0IW6' (14#1) [C:/Users/sy/Desktop/Digital-Recognition-master/project/spartan_cam.srcs/sources_1/bd/system/synth/system.v:12]
INFO: [Synth 8-6157] synthesizing module 'm01_couplers_imp_K87I2F' [C:/Users/sy/Desktop/Digital-Recognition-master/project/spartan_cam.srcs/sources_1/bd/system/synth/system.v:144]
INFO: [Synth 8-6155] done synthesizing module 'm01_couplers_imp_K87I2F' (15#1) [C:/Users/sy/Desktop/Digital-Recognition-master/project/spartan_cam.srcs/sources_1/bd/system/synth/system.v:144]
INFO: [Synth 8-6157] synthesizing module 'm02_couplers_imp_QYRHL1' [C:/Users/sy/Desktop/Digital-Recognition-master/project/spartan_cam.srcs/sources_1/bd/system/synth/system.v:276]
INFO: [Synth 8-6155] done synthesizing module 'm02_couplers_imp_QYRHL1' (16#1) [C:/Users/sy/Desktop/Digital-Recognition-master/project/spartan_cam.srcs/sources_1/bd/system/synth/system.v:276]
WARNING: [Synth 8-350] instance 'm02_couplers' of module 'm02_couplers_imp_QYRHL1' requires 74 connections, but only 73 given [C:/Users/sy/Desktop/Digital-Recognition-master/project/spartan_cam.srcs/sources_1/bd/system/synth/system.v:2009]
INFO: [Synth 8-6157] synthesizing module 's00_couplers_imp_1LZPV07' [C:/Users/sy/Desktop/Digital-Recognition-master/project/spartan_cam.srcs/sources_1/bd/system/synth/system.v:768]
INFO: [Synth 8-6155] done synthesizing module 's00_couplers_imp_1LZPV07' (17#1) [C:/Users/sy/Desktop/Digital-Recognition-master/project/spartan_cam.srcs/sources_1/bd/system/synth/system.v:768]
INFO: [Synth 8-6157] synthesizing module 'system_xbar_0' [C:/Users/sy/Desktop/Digital-Recognition-master/project/spartan_cam.runs/synth_1/.Xil/Vivado-19976-LAPTOP-7CVIAM7Q/realtime/system_xbar_0_stub.v:6]
INFO: [Synth 8-6155] done synthesizing module 'system_xbar_0' (18#1) [C:/Users/sy/Desktop/Digital-Recognition-master/project/spartan_cam.runs/synth_1/.Xil/Vivado-19976-LAPTOP-7CVIAM7Q/realtime/system_xbar_0_stub.v:6]
INFO: [Synth 8-6155] done synthesizing module 'system_microblaze_0_axi_periph_0' (19#1) [C:/Users/sy/Desktop/Digital-Recognition-master/project/spartan_cam.srcs/sources_1/bd/system/synth/system.v:1462]
WARNING: [Synth 8-350] instance 'microblaze_0_axi_periph' of module 'system_microblaze_0_axi_periph_0' requires 98 connections, but only 72 given [C:/Users/sy/Desktop/Digital-Recognition-master/project/spartan_cam.srcs/sources_1/bd/system/synth/system.v:1333]
INFO: [Synth 8-6157] synthesizing module 'microblaze_0_local_memory_imp_OGE0N8' [C:/Users/sy/Desktop/Digital-Recognition-master/project/spartan_cam.srcs/sources_1/bd/system/synth/system.v:534]
INFO: [Synth 8-6157] synthesizing module 'system_dlmb_bram_if_cntlr_0' [C:/Users/sy/Desktop/Digital-Recognition-master/project/spartan_cam.runs/synth_1/.Xil/Vivado-19976-LAPTOP-7CVIAM7Q/realtime/system_dlmb_bram_if_cntlr_0_stub.v:6]
INFO: [Synth 8-6155] done synthesizing module 'system_dlmb_bram_if_cntlr_0' (20#1) [C:/Users/sy/Desktop/Digital-Recognition-master/project/spartan_cam.runs/synth_1/.Xil/Vivado-19976-LAPTOP-7CVIAM7Q/realtime/system_dlmb_bram_if_cntlr_0_stub.v:6]
INFO: [Synth 8-6157] synthesizing module 'system_dlmb_v10_0' [C:/Users/sy/Desktop/Digital-Recognition-master/project/spartan_cam.runs/synth_1/.Xil/Vivado-19976-LAPTOP-7CVIAM7Q/realtime/system_dlmb_v10_0_stub.v:6]
INFO: [Synth 8-6155] done synthesizing module 'system_dlmb_v10_0' (21#1) [C:/Users/sy/Desktop/Digital-Recognition-master/project/spartan_cam.runs/synth_1/.Xil/Vivado-19976-LAPTOP-7CVIAM7Q/realtime/system_dlmb_v10_0_stub.v:6]
WARNING: [Synth 8-350] instance 'dlmb_v10' of module 'system_dlmb_v10_0' requires 25 connections, but only 24 given [C:/Users/sy/Desktop/Digital-Recognition-master/project/spartan_cam.srcs/sources_1/bd/system/synth/system.v:680]
INFO: [Synth 8-6157] synthesizing module 'system_ilmb_bram_if_cntlr_0' [C:/Users/sy/Desktop/Digital-Recognition-master/project/spartan_cam.runs/synth_1/.Xil/Vivado-19976-LAPTOP-7CVIAM7Q/realtime/system_ilmb_bram_if_cntlr_0_stub.v:6]
INFO: [Synth 8-6155] done synthesizing module 'system_ilmb_bram_if_cntlr_0' (22#1) [C:/Users/sy/Desktop/Digital-Recognition-master/project/spartan_cam.runs/synth_1/.Xil/Vivado-19976-LAPTOP-7CVIAM7Q/realtime/system_ilmb_bram_if_cntlr_0_stub.v:6]
INFO: [Synth 8-6157] synthesizing module 'system_ilmb_v10_0' [C:/Users/sy/Desktop/Digital-Recognition-master/project/spartan_cam.runs/synth_1/.Xil/Vivado-19976-LAPTOP-7CVIAM7Q/realtime/system_ilmb_v10_0_stub.v:6]
INFO: [Synth 8-6155] done synthesizing module 'system_ilmb_v10_0' (23#1) [C:/Users/sy/Desktop/Digital-Recognition-master/project/spartan_cam.runs/synth_1/.Xil/Vivado-19976-LAPTOP-7CVIAM7Q/realtime/system_ilmb_v10_0_stub.v:6]
WARNING: [Synth 8-350] instance 'ilmb_v10' of module 'system_ilmb_v10_0' requires 25 connections, but only 24 given [C:/Users/sy/Desktop/Digital-Recognition-master/project/spartan_cam.srcs/sources_1/bd/system/synth/system.v:726]
INFO: [Synth 8-6157] synthesizing module 'system_lmb_bram_0' [C:/Users/sy/Desktop/Digital-Recognition-master/project/spartan_cam.runs/synth_1/.Xil/Vivado-19976-LAPTOP-7CVIAM7Q/realtime/system_lmb_bram_0_stub.v:6]
INFO: [Synth 8-6155] done synthesizing module 'system_lmb_bram_0' (24#1) [C:/Users/sy/Desktop/Digital-Recognition-master/project/spartan_cam.runs/synth_1/.Xil/Vivado-19976-LAPTOP-7CVIAM7Q/realtime/system_lmb_bram_0_stub.v:6]
WARNING: [Synth 8-350] instance 'lmb_bram' of module 'system_lmb_bram_0' requires 16 connections, but only 14 given [C:/Users/sy/Desktop/Digital-Recognition-master/project/spartan_cam.srcs/sources_1/bd/system/synth/system.v:751]
INFO: [Synth 8-6155] done synthesizing module 'microblaze_0_local_memory_imp_OGE0N8' (25#1) [C:/Users/sy/Desktop/Digital-Recognition-master/project/spartan_cam.srcs/sources_1/bd/system/synth/system.v:534]
INFO: [Synth 8-6157] synthesizing module 'system_rgb2dvi_0_1' [C:/Users/sy/Desktop/Digital-Recognition-master/project/spartan_cam.runs/synth_1/.Xil/Vivado-19976-LAPTOP-7CVIAM7Q/realtime/system_rgb2dvi_0_1_stub.v:6]
INFO: [Synth 8-6155] done synthesizing module 'system_rgb2dvi_0_1' (26#1) [C:/Users/sy/Desktop/Digital-Recognition-master/project/spartan_cam.runs/synth_1/.Xil/Vivado-19976-LAPTOP-7CVIAM7Q/realtime/system_rgb2dvi_0_1_stub.v:6]
INFO: [Synth 8-6157] synthesizing module 'system_rgb_test_0_1' [C:/Users/sy/Desktop/Digital-Recognition-master/project/spartan_cam.runs/synth_1/.Xil/Vivado-19976-LAPTOP-7CVIAM7Q/realtime/system_rgb_test_0_1_stub.v:6]
INFO: [Synth 8-6155] done synthesizing module 'system_rgb_test_0_1' (27#1) [C:/Users/sy/Desktop/Digital-Recognition-master/project/spartan_cam.runs/synth_1/.Xil/Vivado-19976-LAPTOP-7CVIAM7Q/realtime/system_rgb_test_0_1_stub.v:6]
INFO: [Synth 8-6157] synthesizing module 'system_rst_clk_wiz_0_200M_0' [C:/Users/sy/Desktop/Digital-Recognition-master/project/spartan_cam.runs/synth_1/.Xil/Vivado-19976-LAPTOP-7CVIAM7Q/realtime/system_rst_clk_wiz_0_200M_0_stub.v:6]
INFO: [Synth 8-6155] done synthesizing module 'system_rst_clk_wiz_0_200M_0' (28#1) [C:/Users/sy/Desktop/Digital-Recognition-master/project/spartan_cam.runs/synth_1/.Xil/Vivado-19976-LAPTOP-7CVIAM7Q/realtime/system_rst_clk_wiz_0_200M_0_stub.v:6]
WARNING: [Synth 8-350] instance 'rst_clk_wiz_0_200M' of module 'system_rst_clk_wiz_0_200M_0' requires 10 connections, but only 9 given [C:/Users/sy/Desktop/Digital-Recognition-master/project/spartan_cam.srcs/sources_1/bd/system/synth/system.v:1448]
INFO: [Synth 8-6157] synthesizing module 'system_xlconstant_0_0' [c:/Users/sy/Desktop/Digital-Recognition-master/project/spartan_cam.srcs/sources_1/bd/system/ip/system_xlconstant_0_0/synth/system_xlconstant_0_0.v:57]
INFO: [Synth 8-6157] synthesizing module 'xlconstant_v1_1_5_xlconstant' [c:/Users/sy/Desktop/Digital-Recognition-master/project/spartan_cam.srcs/sources_1/bd/system/ipshared/4649/hdl/xlconstant_v1_1_vl_rfs.v:23]
	Parameter CONST_VAL bound to: 1 - type: integer 
	Parameter CONST_WIDTH bound to: 1 - type: integer 
INFO: [Synth 8-6155] done synthesizing module 'xlconstant_v1_1_5_xlconstant' (29#1) [c:/Users/sy/Desktop/Digital-Recognition-master/project/spartan_cam.srcs/sources_1/bd/system/ipshared/4649/hdl/xlconstant_v1_1_vl_rfs.v:23]
INFO: [Synth 8-6155] done synthesizing module 'system_xlconstant_0_0' (30#1) [c:/Users/sy/Desktop/Digital-Recognition-master/project/spartan_cam.srcs/sources_1/bd/system/ip/system_xlconstant_0_0/synth/system_xlconstant_0_0.v:57]
INFO: [Synth 8-6155] done synthesizing module 'system' (31#1) [C:/Users/sy/Desktop/Digital-Recognition-master/project/spartan_cam.srcs/sources_1/bd/system/synth/system.v:915]
INFO: [Synth 8-6155] done synthesizing module 'system_wrapper' (32#1) [C:/Users/sy/Desktop/Digital-Recognition-master/project/spartan_cam.srcs/sources_1/bd/system/hdl/system_wrapper.v:12]
WARNING: [Synth 8-3331] design s00_couplers_imp_1LZPV07 has unconnected port M_ACLK
WARNING: [Synth 8-3331] design s00_couplers_imp_1LZPV07 has unconnected port M_ARESETN
WARNING: [Synth 8-3331] design s00_couplers_imp_1LZPV07 has unconnected port S_ACLK
WARNING: [Synth 8-3331] design s00_couplers_imp_1LZPV07 has unconnected port S_ARESETN
WARNING: [Synth 8-3331] design m02_couplers_imp_QYRHL1 has unconnected port M_ACLK
WARNING: [Synth 8-3331] design m02_couplers_imp_QYRHL1 has unconnected port M_ARESETN
WARNING: [Synth 8-3331] design m02_couplers_imp_QYRHL1 has unconnected port S_ACLK
WARNING: [Synth 8-3331] design m02_couplers_imp_QYRHL1 has unconnected port S_ARESETN
WARNING: [Synth 8-3331] design m01_couplers_imp_K87I2F has unconnected port M_ACLK
WARNING: [Synth 8-3331] design m01_couplers_imp_K87I2F has unconnected port M_ARESETN
WARNING: [Synth 8-3331] design m01_couplers_imp_K87I2F has unconnected port S_ACLK
WARNING: [Synth 8-3331] design m01_couplers_imp_K87I2F has unconnected port S_ARESETN
WARNING: [Synth 8-3331] design m00_couplers_imp_1RZ0IW6 has unconnected port M_ACLK
WARNING: [Synth 8-3331] design m00_couplers_imp_1RZ0IW6 has unconnected port M_ARESETN
WARNING: [Synth 8-3331] design m00_couplers_imp_1RZ0IW6 has unconnected port S_ACLK
WARNING: [Synth 8-3331] design m00_couplers_imp_1RZ0IW6 has unconnected port S_ARESETN
---------------------------------------------------------------------------------
Finished RTL Elaboration : Time (s): cpu = 00:00:09 ; elapsed = 00:00:11 . Memory (MB): peak = 554.980 ; gain = 158.160
---------------------------------------------------------------------------------

Report Check Netlist: 
+------+------------------+-------+---------+-------+------------------+
|      |Item              |Errors |Warnings |Status |Description       |
+------+------------------+-------+---------+-------+------------------+
|1     |multi_driven_nets |      0|        0|Passed |Multi driven nets |
+------+------------------+-------+---------+-------+------------------+
---------------------------------------------------------------------------------
Start Handling Custom Attributes
---------------------------------------------------------------------------------
---------------------------------------------------------------------------------
Finished Handling Custom Attributes : Time (s): cpu = 00:00:09 ; elapsed = 00:00:12 . Memory (MB): peak = 554.980 ; gain = 158.160
---------------------------------------------------------------------------------
---------------------------------------------------------------------------------
Finished RTL Optimization Phase 1 : Time (s): cpu = 00:00:09 ; elapsed = 00:00:12 . Memory (MB): peak = 554.980 ; gain = 158.160
---------------------------------------------------------------------------------
INFO: [Netlist 29-17] Analyzing 2 Unisim elements for replacement
INFO: [Netlist 29-28] Unisim Transformation completed in 0 CPU seconds
INFO: [Device 21-403] Loading part xc7s15ftgb196-1
INFO: [Project 1-570] Preparing netlist for logic optimization

Processing XDC Constraints
Initializing timing engine
Parsing XDC File [c:/Users/sy/Desktop/Digital-Recognition-master/project/spartan_cam.srcs/sources_1/bd/system/ip/system_clk_wiz_0_1/system_clk_wiz_0_1/system_clk_wiz_0_1_in_context.xdc] for cell 'system_i/clk_wiz_0'
Finished Parsing XDC File [c:/Users/sy/Desktop/Digital-Recognition-master/project/spartan_cam.srcs/sources_1/bd/system/ip/system_clk_wiz_0_1/system_clk_wiz_0_1/system_clk_wiz_0_1_in_context.xdc] for cell 'system_i/clk_wiz_0'
Parsing XDC File [c:/Users/sy/Desktop/Digital-Recognition-master/project/spartan_cam.srcs/sources_1/bd/system/ip/system_csi2_d_phy_rx_0_1/system_csi2_d_phy_rx_0_1/system_csi2_d_phy_rx_0_1_in_context.xdc] for cell 'system_i/csi2_d_phy_rx_0'
Finished Parsing XDC File [c:/Users/sy/Desktop/Digital-Recognition-master/project/spartan_cam.srcs/sources_1/bd/system/ip/system_csi2_d_phy_rx_0_1/system_csi2_d_phy_rx_0_1/system_csi2_d_phy_rx_0_1_in_context.xdc] for cell 'system_i/csi2_d_phy_rx_0'
Parsing XDC File [c:/Users/sy/Desktop/Digital-Recognition-master/project/spartan_cam.srcs/sources_1/bd/system/ip/system_csi_to_axis_0_1/system_csi_to_axis_0_1/system_csi_to_axis_0_1_in_context.xdc] for cell 'system_i/csi_to_axis_0'
Finished Parsing XDC File [c:/Users/sy/Desktop/Digital-Recognition-master/project/spartan_cam.srcs/sources_1/bd/system/ip/system_csi_to_axis_0_1/system_csi_to_axis_0_1/system_csi_to_axis_0_1_in_context.xdc] for cell 'system_i/csi_to_axis_0'
Parsing XDC File [c:/Users/sy/Desktop/Digital-Recognition-master/project/spartan_cam.srcs/sources_1/bd/system/ip/system_microblaze_0_0/system_microblaze_0_0/system_microblaze_0_0_in_context.xdc] for cell 'system_i/microblaze_0'
Finished Parsing XDC File [c:/Users/sy/Desktop/Digital-Recognition-master/project/spartan_cam.srcs/sources_1/bd/system/ip/system_microblaze_0_0/system_microblaze_0_0/system_microblaze_0_0_in_context.xdc] for cell 'system_i/microblaze_0'
Parsing XDC File [c:/Users/sy/Desktop/Digital-Recognition-master/project/spartan_cam.srcs/sources_1/bd/system/ip/system_mdm_1_0/system_mdm_1_0/system_mdm_1_0_in_context.xdc] for cell 'system_i/mdm_1'
Finished Parsing XDC File [c:/Users/sy/Desktop/Digital-Recognition-master/project/spartan_cam.srcs/sources_1/bd/system/ip/system_mdm_1_0/system_mdm_1_0/system_mdm_1_0_in_context.xdc] for cell 'system_i/mdm_1'
Parsing XDC File [c:/Users/sy/Desktop/Digital-Recognition-master/project/spartan_cam.srcs/sources_1/bd/system/ip/system_rst_clk_wiz_0_200M_0/system_rst_clk_wiz_0_200M_0/system_rst_clk_wiz_0_200M_0_in_context.xdc] for cell 'system_i/rst_clk_wiz_0_200M'
Finished Parsing XDC File [c:/Users/sy/Desktop/Digital-Recognition-master/project/spartan_cam.srcs/sources_1/bd/system/ip/system_rst_clk_wiz_0_200M_0/system_rst_clk_wiz_0_200M_0/system_rst_clk_wiz_0_200M_0_in_context.xdc] for cell 'system_i/rst_clk_wiz_0_200M'
Parsing XDC File [c:/Users/sy/Desktop/Digital-Recognition-master/project/spartan_cam.srcs/sources_1/bd/system/ip/system_dlmb_v10_0/system_dlmb_v10_0/system_dlmb_v10_0_in_context.xdc] for cell 'system_i/microblaze_0_local_memory/dlmb_v10'
Finished Parsing XDC File [c:/Users/sy/Desktop/Digital-Recognition-master/project/spartan_cam.srcs/sources_1/bd/system/ip/system_dlmb_v10_0/system_dlmb_v10_0/system_dlmb_v10_0_in_context.xdc] for cell 'system_i/microblaze_0_local_memory/dlmb_v10'
Parsing XDC File [c:/Users/sy/Desktop/Digital-Recognition-master/project/spartan_cam.srcs/sources_1/bd/system/ip/system_ilmb_v10_0/system_ilmb_v10_0/system_dlmb_v10_0_in_context.xdc] for cell 'system_i/microblaze_0_local_memory/ilmb_v10'
Finished Parsing XDC File [c:/Users/sy/Desktop/Digital-Recognition-master/project/spartan_cam.srcs/sources_1/bd/system/ip/system_ilmb_v10_0/system_ilmb_v10_0/system_dlmb_v10_0_in_context.xdc] for cell 'system_i/microblaze_0_local_memory/ilmb_v10'
Parsing XDC File [c:/Users/sy/Desktop/Digital-Recognition-master/project/spartan_cam.srcs/sources_1/bd/system/ip/system_dlmb_bram_if_cntlr_0/system_dlmb_bram_if_cntlr_0/system_dlmb_bram_if_cntlr_0_in_context.xdc] for cell 'system_i/microblaze_0_local_memory/dlmb_bram_if_cntlr'
Finished Parsing XDC File [c:/Users/sy/Desktop/Digital-Recognition-master/project/spartan_cam.srcs/sources_1/bd/system/ip/system_dlmb_bram_if_cntlr_0/system_dlmb_bram_if_cntlr_0/system_dlmb_bram_if_cntlr_0_in_context.xdc] for cell 'system_i/microblaze_0_local_memory/dlmb_bram_if_cntlr'
Parsing XDC File [c:/Users/sy/Desktop/Digital-Recognition-master/project/spartan_cam.srcs/sources_1/bd/system/ip/system_ilmb_bram_if_cntlr_0/system_ilmb_bram_if_cntlr_0/system_ilmb_bram_if_cntlr_0_in_context.xdc] for cell 'system_i/microblaze_0_local_memory/ilmb_bram_if_cntlr'
Finished Parsing XDC File [c:/Users/sy/Desktop/Digital-Recognition-master/project/spartan_cam.srcs/sources_1/bd/system/ip/system_ilmb_bram_if_cntlr_0/system_ilmb_bram_if_cntlr_0/system_ilmb_bram_if_cntlr_0_in_context.xdc] for cell 'system_i/microblaze_0_local_memory/ilmb_bram_if_cntlr'
Parsing XDC File [c:/Users/sy/Desktop/Digital-Recognition-master/project/spartan_cam.srcs/sources_1/bd/system/ip/system_lmb_bram_0/system_lmb_bram_0/system_lmb_bram_0_in_context.xdc] for cell 'system_i/microblaze_0_local_memory/lmb_bram'
Finished Parsing XDC File [c:/Users/sy/Desktop/Digital-Recognition-master/project/spartan_cam.srcs/sources_1/bd/system/ip/system_lmb_bram_0/system_lmb_bram_0/system_lmb_bram_0_in_context.xdc] for cell 'system_i/microblaze_0_local_memory/lmb_bram'
Parsing XDC File [c:/Users/sy/Desktop/Digital-Recognition-master/project/spartan_cam.srcs/sources_1/bd/system/ip/system_axi_iic_0_0/system_axi_iic_0_0/system_axi_iic_0_0_in_context.xdc] for cell 'system_i/axi_iic_0'
Finished Parsing XDC File [c:/Users/sy/Desktop/Digital-Recognition-master/project/spartan_cam.srcs/sources_1/bd/system/ip/system_axi_iic_0_0/system_axi_iic_0_0/system_axi_iic_0_0_in_context.xdc] for cell 'system_i/axi_iic_0'
Parsing XDC File [c:/Users/sy/Desktop/Digital-Recognition-master/project/spartan_cam.srcs/sources_1/bd/system/ip/system_csi2dvp_0_0/system_csi2dvp_0_0/system_csi2dvp_0_0_in_context.xdc] for cell 'system_i/csi2dvp_0'
Finished Parsing XDC File [c:/Users/sy/Desktop/Digital-Recognition-master/project/spartan_cam.srcs/sources_1/bd/system/ip/system_csi2dvp_0_0/system_csi2dvp_0_0/system_csi2dvp_0_0_in_context.xdc] for cell 'system_i/csi2dvp_0'
Parsing XDC File [c:/Users/sy/Desktop/Digital-Recognition-master/project/spartan_cam.srcs/sources_1/bd/system/ip/system_clk_wiz_1_0/system_clk_wiz_1_0/system_clk_wiz_1_0_in_context.xdc] for cell 'system_i/clk_wiz_1'
Finished Parsing XDC File [c:/Users/sy/Desktop/Digital-Recognition-master/project/spartan_cam.srcs/sources_1/bd/system/ip/system_clk_wiz_1_0/system_clk_wiz_1_0/system_clk_wiz_1_0_in_context.xdc] for cell 'system_i/clk_wiz_1'
Parsing XDC File [c:/Users/sy/Desktop/Digital-Recognition-master/project/spartan_cam.srcs/sources_1/bd/system/ip/system_axi_uartlite_0_0/system_axi_uartlite_0_0/system_axi_uartlite_0_0_in_context.xdc] for cell 'system_i/axi_uartlite_0'
Finished Parsing XDC File [c:/Users/sy/Desktop/Digital-Recognition-master/project/spartan_cam.srcs/sources_1/bd/system/ip/system_axi_uartlite_0_0/system_axi_uartlite_0_0/system_axi_uartlite_0_0_in_context.xdc] for cell 'system_i/axi_uartlite_0'
Parsing XDC File [c:/Users/sy/Desktop/Digital-Recognition-master/project/spartan_cam.srcs/sources_1/bd/system/ip/system_bayer2rgb_0_0/system_bayer2rgb_0_0/system_bayer2rgb_0_0_in_context.xdc] for cell 'system_i/bayer2rgb_0'
Finished Parsing XDC File [c:/Users/sy/Desktop/Digital-Recognition-master/project/spartan_cam.srcs/sources_1/bd/system/ip/system_bayer2rgb_0_0/system_bayer2rgb_0_0/system_bayer2rgb_0_0_in_context.xdc] for cell 'system_i/bayer2rgb_0'
Parsing XDC File [c:/Users/sy/Desktop/Digital-Recognition-master/project/spartan_cam.srcs/sources_1/bd/system/ip/system_rgb2dvi_0_1/system_rgb2dvi_0_1/system_rgb2dvi_0_1_in_context.xdc] for cell 'system_i/rgb2dvi_0'
Finished Parsing XDC File [c:/Users/sy/Desktop/Digital-Recognition-master/project/spartan_cam.srcs/sources_1/bd/system/ip/system_rgb2dvi_0_1/system_rgb2dvi_0_1/system_rgb2dvi_0_1_in_context.xdc] for cell 'system_i/rgb2dvi_0'
Parsing XDC File [c:/Users/sy/Desktop/Digital-Recognition-master/project/spartan_cam.srcs/sources_1/bd/system/ip/system_rgb_test_0_1/system_rgb_test_0_1/system_rgb_test_0_1_in_context.xdc] for cell 'system_i/rgb_test_0'
Finished Parsing XDC File [c:/Users/sy/Desktop/Digital-Recognition-master/project/spartan_cam.srcs/sources_1/bd/system/ip/system_rgb_test_0_1/system_rgb_test_0_1/system_rgb_test_0_1_in_context.xdc] for cell 'system_i/rgb_test_0'
Parsing XDC File [c:/Users/sy/Desktop/Digital-Recognition-master/project/spartan_cam.srcs/sources_1/bd/system/ip/system_digital_recognition_0_0/system_digital_recognition_0_0/system_digital_recognition_0_0_in_context.xdc] for cell 'system_i/digital_recognition_0'
Finished Parsing XDC File [c:/Users/sy/Desktop/Digital-Recognition-master/project/spartan_cam.srcs/sources_1/bd/system/ip/system_digital_recognition_0_0/system_digital_recognition_0_0/system_digital_recognition_0_0_in_context.xdc] for cell 'system_i/digital_recognition_0'
Parsing XDC File [c:/Users/sy/Desktop/Digital-Recognition-master/project/spartan_cam.srcs/sources_1/bd/system/ip/system_lcd_num_0_0/system_lcd_num_0_0/system_lcd_num_0_0_in_context.xdc] for cell 'system_i/lcd_num_0'
Finished Parsing XDC File [c:/Users/sy/Desktop/Digital-Recognition-master/project/spartan_cam.srcs/sources_1/bd/system/ip/system_lcd_num_0_0/system_lcd_num_0_0/system_lcd_num_0_0_in_context.xdc] for cell 'system_i/lcd_num_0'
Parsing XDC File [c:/Users/sy/Desktop/Digital-Recognition-master/project/spartan_cam.srcs/sources_1/bd/system/ip/system_xbar_0/system_xbar_0/system_xbar_0_in_context.xdc] for cell 'system_i/microblaze_0_axi_periph/xbar'
Finished Parsing XDC File [c:/Users/sy/Desktop/Digital-Recognition-master/project/spartan_cam.srcs/sources_1/bd/system/ip/system_xbar_0/system_xbar_0/system_xbar_0_in_context.xdc] for cell 'system_i/microblaze_0_axi_periph/xbar'
Parsing XDC File [C:/Users/sy/Desktop/Digital-Recognition-master/project/spartan_cam.srcs/constrs_1/new/system.xdc]
WARNING: [Vivado 12-584] No ports matched 'led_tri_o[0]'. [C:/Users/sy/Desktop/Digital-Recognition-master/project/spartan_cam.srcs/constrs_1/new/system.xdc:4]
WARNING: [Vivado 12-584] No ports matched 'led_tri_o[1]'. [C:/Users/sy/Desktop/Digital-Recognition-master/project/spartan_cam.srcs/constrs_1/new/system.xdc:5]
WARNING: [Vivado 12-584] No ports matched 'led1'. [C:/Users/sy/Desktop/Digital-Recognition-master/project/spartan_cam.srcs/constrs_1/new/system.xdc:64]
WARNING: [Vivado 12-584] No ports matched 'led2'. [C:/Users/sy/Desktop/Digital-Recognition-master/project/spartan_cam.srcs/constrs_1/new/system.xdc:65]
WARNING: [Vivado 12-584] No ports matched 'led2'. [C:/Users/sy/Desktop/Digital-Recognition-master/project/spartan_cam.srcs/constrs_1/new/system.xdc:66]
WARNING: [Vivado 12-584] No ports matched 'led1'. [C:/Users/sy/Desktop/Digital-Recognition-master/project/spartan_cam.srcs/constrs_1/new/system.xdc:67]
WARNING: [Vivado 12-584] No ports matched 'gpio_rtl_0_tri_o[1]'. [C:/Users/sy/Desktop/Digital-Recognition-master/project/spartan_cam.srcs/constrs_1/new/system.xdc:78]
WARNING: [Vivado 12-584] No ports matched 'gpio_rtl_0_tri_o[0]'. [C:/Users/sy/Desktop/Digital-Recognition-master/project/spartan_cam.srcs/constrs_1/new/system.xdc:79]
Finished Parsing XDC File [C:/Users/sy/Desktop/Digital-Recognition-master/project/spartan_cam.srcs/constrs_1/new/system.xdc]
WARNING: [Project 1-498] One or more constraints failed evaluation while reading constraint file [C:/Users/sy/Desktop/Digital-Recognition-master/project/spartan_cam.srcs/constrs_1/new/system.xdc] and the design contains unresolved black boxes. These constraints will be read post-synthesis (as long as their source constraint file is marked as used_in_implementation) and should be applied correctly then. You should review the constraints listed in the file [.Xil/system_wrapper_propImpl.xdc] and check the run log file to verify that these constraints were correctly applied.
INFO: [Project 1-236] Implementation specific constraints were found while reading constraint file [C:/Users/sy/Desktop/Digital-Recognition-master/project/spartan_cam.srcs/constrs_1/new/system.xdc]. These constraints will be ignored for synthesis but will be used in implementation. Impacted constraints are listed in the file [.Xil/system_wrapper_propImpl.xdc].
Resolution: To avoid this warning, move constraints listed in [.Xil/system_wrapper_propImpl.xdc] to another XDC file and exclude this new file from synthesis with the used_in_synthesis property (File Properties dialog in GUI) and re-run elaboration/synthesis.
Parsing XDC File [C:/Users/sy/Desktop/Digital-Recognition-master/project/spartan_cam.runs/synth_1/dont_touch.xdc]
Finished Parsing XDC File [C:/Users/sy/Desktop/Digital-Recognition-master/project/spartan_cam.runs/synth_1/dont_touch.xdc]
Netlist sorting complete. Time (s): cpu = 00:00:00 ; elapsed = 00:00:00 . Memory (MB): peak = 824.793 ; gain = 0.000
Completed Processing XDC Constraints

Netlist sorting complete. Time (s): cpu = 00:00:00 ; elapsed = 00:00:00.001 . Memory (MB): peak = 824.793 ; gain = 0.000
INFO: [Project 1-111] Unisim Transformation Summary:
  A total of 2 instances were transformed.
  IOBUF => IOBUF (IBUF, OBUFT): 2 instances

Netlist sorting complete. Time (s): cpu = 00:00:00 ; elapsed = 00:00:00.001 . Memory (MB): peak = 824.793 ; gain = 0.000
Constraint Validation Runtime : Time (s): cpu = 00:00:00 ; elapsed = 00:00:00.069 . Memory (MB): peak = 824.793 ; gain = 0.000
WARNING: [Timing 38-316] Clock period '10.000' specified during out-of-context synthesis of instance 'system_i/csi2dvp_0' at clock pin 's_axis_aclk' is different from the actual clock period '4.761', this can lead to different synthesis results.
WARNING: [Timing 38-316] Clock period '20.000' specified during out-of-context synthesis of instance 'system_i/microblaze_0_local_memory/lmb_bram' at clock pin 'clka' is different from the actual clock period '5.000', this can lead to different synthesis results.
---------------------------------------------------------------------------------
Finished Constraint Validation : Time (s): cpu = 00:00:27 ; elapsed = 00:00:42 . Memory (MB): peak = 824.793 ; gain = 427.973
---------------------------------------------------------------------------------
---------------------------------------------------------------------------------
Start Loading Part and Timing Information
---------------------------------------------------------------------------------
Loading part: xc7s15ftgb196-1
---------------------------------------------------------------------------------
Finished Loading Part and Timing Information : Time (s): cpu = 00:00:27 ; elapsed = 00:00:42 . Memory (MB): peak = 824.793 ; gain = 427.973
---------------------------------------------------------------------------------
---------------------------------------------------------------------------------
Start Applying 'set_property' XDC Constraints
---------------------------------------------------------------------------------
Applied set_property IO_BUFFER_TYPE = NONE for clk_in1_0. (constraint file  c:/Users/sy/Desktop/Digital-Recognition-master/project/spartan_cam.srcs/sources_1/bd/system/ip/system_clk_wiz_0_1/system_clk_wiz_0_1/system_clk_wiz_0_1_in_context.xdc, line 3).
Applied set_property CLOCK_BUFFER_TYPE = NONE for clk_in1_0. (constraint file  c:/Users/sy/Desktop/Digital-Recognition-master/project/spartan_cam.srcs/sources_1/bd/system/ip/system_clk_wiz_0_1/system_clk_wiz_0_1/system_clk_wiz_0_1_in_context.xdc, line 4).
Applied set_property IO_BUFFER_TYPE = NONE for clk_rxn_0. (constraint file  c:/Users/sy/Desktop/Digital-Recognition-master/project/spartan_cam.srcs/sources_1/bd/system/ip/system_csi2_d_phy_rx_0_1/system_csi2_d_phy_rx_0_1/system_csi2_d_phy_rx_0_1_in_context.xdc, line 1).
Applied set_property CLOCK_BUFFER_TYPE = NONE for clk_rxn_0. (constraint file  c:/Users/sy/Desktop/Digital-Recognition-master/project/spartan_cam.srcs/sources_1/bd/system/ip/system_csi2_d_phy_rx_0_1/system_csi2_d_phy_rx_0_1/system_csi2_d_phy_rx_0_1_in_context.xdc, line 2).
Applied set_property IO_BUFFER_TYPE = NONE for clk_rxp_0. (constraint file  c:/Users/sy/Desktop/Digital-Recognition-master/project/spartan_cam.srcs/sources_1/bd/system/ip/system_csi2_d_phy_rx_0_1/system_csi2_d_phy_rx_0_1/system_csi2_d_phy_rx_0_1_in_context.xdc, line 3).
Applied set_property CLOCK_BUFFER_TYPE = NONE for clk_rxp_0. (constraint file  c:/Users/sy/Desktop/Digital-Recognition-master/project/spartan_cam.srcs/sources_1/bd/system/ip/system_csi2_d_phy_rx_0_1/system_csi2_d_phy_rx_0_1/system_csi2_d_phy_rx_0_1_in_context.xdc, line 4).
Applied set_property IO_BUFFER_TYPE = NONE for data_rxn_0[0]. (constraint file  c:/Users/sy/Desktop/Digital-Recognition-master/project/spartan_cam.srcs/sources_1/bd/system/ip/system_csi2_d_phy_rx_0_1/system_csi2_d_phy_rx_0_1/system_csi2_d_phy_rx_0_1_in_context.xdc, line 5).
Applied set_property CLOCK_BUFFER_TYPE = NONE for data_rxn_0[0]. (constraint file  c:/Users/sy/Desktop/Digital-Recognition-master/project/spartan_cam.srcs/sources_1/bd/system/ip/system_csi2_d_phy_rx_0_1/system_csi2_d_phy_rx_0_1/system_csi2_d_phy_rx_0_1_in_context.xdc, line 6).
Applied set_property IO_BUFFER_TYPE = NONE for data_rxn_0[1]. (constraint file  c:/Users/sy/Desktop/Digital-Recognition-master/project/spartan_cam.srcs/sources_1/bd/system/ip/system_csi2_d_phy_rx_0_1/system_csi2_d_phy_rx_0_1/system_csi2_d_phy_rx_0_1_in_context.xdc, line 7).
Applied set_property CLOCK_BUFFER_TYPE = NONE for data_rxn_0[1]. (constraint file  c:/Users/sy/Desktop/Digital-Recognition-master/project/spartan_cam.srcs/sources_1/bd/system/ip/system_csi2_d_phy_rx_0_1/system_csi2_d_phy_rx_0_1/system_csi2_d_phy_rx_0_1_in_context.xdc, line 8).
Applied set_property IO_BUFFER_TYPE = NONE for data_rxp_0[0]. (constraint file  c:/Users/sy/Desktop/Digital-Recognition-master/project/spartan_cam.srcs/sources_1/bd/system/ip/system_csi2_d_phy_rx_0_1/system_csi2_d_phy_rx_0_1/system_csi2_d_phy_rx_0_1_in_context.xdc, line 9).
Applied set_property CLOCK_BUFFER_TYPE = NONE for data_rxp_0[0]. (constraint file  c:/Users/sy/Desktop/Digital-Recognition-master/project/spartan_cam.srcs/sources_1/bd/system/ip/system_csi2_d_phy_rx_0_1/system_csi2_d_phy_rx_0_1/system_csi2_d_phy_rx_0_1_in_context.xdc, line 10).
Applied set_property IO_BUFFER_TYPE = NONE for data_rxp_0[1]. (constraint file  c:/Users/sy/Desktop/Digital-Recognition-master/project/spartan_cam.srcs/sources_1/bd/system/ip/system_csi2_d_phy_rx_0_1/system_csi2_d_phy_rx_0_1/system_csi2_d_phy_rx_0_1_in_context.xdc, line 11).
Applied set_property CLOCK_BUFFER_TYPE = NONE for data_rxp_0[1]. (constraint file  c:/Users/sy/Desktop/Digital-Recognition-master/project/spartan_cam.srcs/sources_1/bd/system/ip/system_csi2_d_phy_rx_0_1/system_csi2_d_phy_rx_0_1/system_csi2_d_phy_rx_0_1_in_context.xdc, line 12).
Applied set_property IO_BUFFER_TYPE = NONE for TMDS_0_clk_n. (constraint file  c:/Users/sy/Desktop/Digital-Recognition-master/project/spartan_cam.srcs/sources_1/bd/system/ip/system_rgb2dvi_0_1/system_rgb2dvi_0_1/system_rgb2dvi_0_1_in_context.xdc, line 2).
Applied set_property CLOCK_BUFFER_TYPE = NONE for TMDS_0_clk_n. (constraint file  c:/Users/sy/Desktop/Digital-Recognition-master/project/spartan_cam.srcs/sources_1/bd/system/ip/system_rgb2dvi_0_1/system_rgb2dvi_0_1/system_rgb2dvi_0_1_in_context.xdc, line 3).
Applied set_property IO_BUFFER_TYPE = NONE for TMDS_0_clk_p. (constraint file  c:/Users/sy/Desktop/Digital-Recognition-master/project/spartan_cam.srcs/sources_1/bd/system/ip/system_rgb2dvi_0_1/system_rgb2dvi_0_1/system_rgb2dvi_0_1_in_context.xdc, line 4).
Applied set_property CLOCK_BUFFER_TYPE = NONE for TMDS_0_clk_p. (constraint file  c:/Users/sy/Desktop/Digital-Recognition-master/project/spartan_cam.srcs/sources_1/bd/system/ip/system_rgb2dvi_0_1/system_rgb2dvi_0_1/system_rgb2dvi_0_1_in_context.xdc, line 5).
Applied set_property IO_BUFFER_TYPE = NONE for TMDS_0_data_n[0]. (constraint file  c:/Users/sy/Desktop/Digital-Recognition-master/project/spartan_cam.srcs/sources_1/bd/system/ip/system_rgb2dvi_0_1/system_rgb2dvi_0_1/system_rgb2dvi_0_1_in_context.xdc, line 6).
Applied set_property CLOCK_BUFFER_TYPE = NONE for TMDS_0_data_n[0]. (constraint file  c:/Users/sy/Desktop/Digital-Recognition-master/project/spartan_cam.srcs/sources_1/bd/system/ip/system_rgb2dvi_0_1/system_rgb2dvi_0_1/system_rgb2dvi_0_1_in_context.xdc, line 7).
Applied set_property IO_BUFFER_TYPE = NONE for TMDS_0_data_n[1]. (constraint file  c:/Users/sy/Desktop/Digital-Recognition-master/project/spartan_cam.srcs/sources_1/bd/system/ip/system_rgb2dvi_0_1/system_rgb2dvi_0_1/system_rgb2dvi_0_1_in_context.xdc, line 8).
Applied set_property CLOCK_BUFFER_TYPE = NONE for TMDS_0_data_n[1]. (constraint file  c:/Users/sy/Desktop/Digital-Recognition-master/project/spartan_cam.srcs/sources_1/bd/system/ip/system_rgb2dvi_0_1/system_rgb2dvi_0_1/system_rgb2dvi_0_1_in_context.xdc, line 9).
Applied set_property IO_BUFFER_TYPE = NONE for TMDS_0_data_n[2]. (constraint file  c:/Users/sy/Desktop/Digital-Recognition-master/project/spartan_cam.srcs/sources_1/bd/system/ip/system_rgb2dvi_0_1/system_rgb2dvi_0_1/system_rgb2dvi_0_1_in_context.xdc, line 10).
Applied set_property CLOCK_BUFFER_TYPE = NONE for TMDS_0_data_n[2]. (constraint file  c:/Users/sy/Desktop/Digital-Recognition-master/project/spartan_cam.srcs/sources_1/bd/system/ip/system_rgb2dvi_0_1/system_rgb2dvi_0_1/system_rgb2dvi_0_1_in_context.xdc, line 11).
Applied set_property IO_BUFFER_TYPE = NONE for TMDS_0_data_p[0]. (constraint file  c:/Users/sy/Desktop/Digital-Recognition-master/project/spartan_cam.srcs/sources_1/bd/system/ip/system_rgb2dvi_0_1/system_rgb2dvi_0_1/system_rgb2dvi_0_1_in_context.xdc, line 12).
Applied set_property CLOCK_BUFFER_TYPE = NONE for TMDS_0_data_p[0]. (constraint file  c:/Users/sy/Desktop/Digital-Recognition-master/project/spartan_cam.srcs/sources_1/bd/system/ip/system_rgb2dvi_0_1/system_rgb2dvi_0_1/system_rgb2dvi_0_1_in_context.xdc, line 13).
Applied set_property IO_BUFFER_TYPE = NONE for TMDS_0_data_p[1]. (constraint file  c:/Users/sy/Desktop/Digital-Recognition-master/project/spartan_cam.srcs/sources_1/bd/system/ip/system_rgb2dvi_0_1/system_rgb2dvi_0_1/system_rgb2dvi_0_1_in_context.xdc, line 14).
Applied set_property CLOCK_BUFFER_TYPE = NONE for TMDS_0_data_p[1]. (constraint file  c:/Users/sy/Desktop/Digital-Recognition-master/project/spartan_cam.srcs/sources_1/bd/system/ip/system_rgb2dvi_0_1/system_rgb2dvi_0_1/system_rgb2dvi_0_1_in_context.xdc, line 15).
Applied set_property IO_BUFFER_TYPE = NONE for TMDS_0_data_p[2]. (constraint file  c:/Users/sy/Desktop/Digital-Recognition-master/project/spartan_cam.srcs/sources_1/bd/system/ip/system_rgb2dvi_0_1/system_rgb2dvi_0_1/system_rgb2dvi_0_1_in_context.xdc, line 16).
Applied set_property CLOCK_BUFFER_TYPE = NONE for TMDS_0_data_p[2]. (constraint file  c:/Users/sy/Desktop/Digital-Recognition-master/project/spartan_cam.srcs/sources_1/bd/system/ip/system_rgb2dvi_0_1/system_rgb2dvi_0_1/system_rgb2dvi_0_1_in_context.xdc, line 17).
Applied set_property DONT_TOUCH = true for system_i. (constraint file  auto generated constraint, line ).
Applied set_property DONT_TOUCH = true for system_i/clk_wiz_0. (constraint file  auto generated constraint, line ).
Applied set_property DONT_TOUCH = true for system_i/xlconstant_0. (constraint file  auto generated constraint, line ).
Applied set_property DONT_TOUCH = true for system_i/csi2_d_phy_rx_0. (constraint file  auto generated constraint, line ).
Applied set_property DONT_TOUCH = true for system_i/csi_to_axis_0. (constraint file  auto generated constraint, line ).
Applied set_property DONT_TOUCH = true for system_i/microblaze_0. (constraint file  auto generated constraint, line ).
Applied set_property DONT_TOUCH = true for system_i/mdm_1. (constraint file  auto generated constraint, line ).
Applied set_property DONT_TOUCH = true for system_i/rst_clk_wiz_0_200M. (constraint file  auto generated constraint, line ).
Applied set_property DONT_TOUCH = true for system_i/microblaze_0_local_memory/dlmb_v10. (constraint file  auto generated constraint, line ).
Applied set_property DONT_TOUCH = true for system_i/microblaze_0_local_memory/ilmb_v10. (constraint file  auto generated constraint, line ).
Applied set_property DONT_TOUCH = true for system_i/microblaze_0_local_memory/dlmb_bram_if_cntlr. (constraint file  auto generated constraint, line ).
Applied set_property DONT_TOUCH = true for system_i/microblaze_0_local_memory/ilmb_bram_if_cntlr. (constraint file  auto generated constraint, line ).
Applied set_property DONT_TOUCH = true for system_i/microblaze_0_local_memory/lmb_bram. (constraint file  auto generated constraint, line ).
Applied set_property DONT_TOUCH = true for system_i/axi_iic_0. (constraint file  auto generated constraint, line ).
Applied set_property DONT_TOUCH = true for system_i/microblaze_0_axi_periph. (constraint file  auto generated constraint, line ).
Applied set_property DONT_TOUCH = true for system_i/csi2dvp_0. (constraint file  auto generated constraint, line ).
Applied set_property DONT_TOUCH = true for system_i/clk_wiz_1. (constraint file  auto generated constraint, line ).
Applied set_property DONT_TOUCH = true for system_i/axi_uartlite_0. (constraint file  auto generated constraint, line ).
Applied set_property DONT_TOUCH = true for system_i/bayer2rgb_0. (constraint file  auto generated constraint, line ).
Applied set_property DONT_TOUCH = true for system_i/rgb2dvi_0. (constraint file  auto generated constraint, line ).
Applied set_property DONT_TOUCH = true for system_i/rgb_test_0. (constraint file  auto generated constraint, line ).
Applied set_property DONT_TOUCH = true for system_i/digital_recognition_0. (constraint file  auto generated constraint, line ).
Applied set_property DONT_TOUCH = true for system_i/lcd_num_0. (constraint file  auto generated constraint, line ).
Applied set_property DONT_TOUCH = true for system_i/microblaze_0_axi_periph/xbar. (constraint file  auto generated constraint, line ).
---------------------------------------------------------------------------------
Finished applying 'set_property' XDC Constraints : Time (s): cpu = 00:00:28 ; elapsed = 00:00:43 . Memory (MB): peak = 824.793 ; gain = 427.973
---------------------------------------------------------------------------------
---------------------------------------------------------------------------------
Finished RTL Optimization Phase 2 : Time (s): cpu = 00:00:28 ; elapsed = 00:00:43 . Memory (MB): peak = 824.793 ; gain = 427.973
---------------------------------------------------------------------------------

Report RTL Partitions: 
+-+--------------+------------+----------+
| |RTL Partition |Replication |Instances |
+-+--------------+------------+----------+
+-+--------------+------------+----------+
---------------------------------------------------------------------------------
Start RTL Component Statistics 
---------------------------------------------------------------------------------
Detailed RTL Component Info : 
---------------------------------------------------------------------------------
Finished RTL Component Statistics 
---------------------------------------------------------------------------------
---------------------------------------------------------------------------------
Start RTL Hierarchical Component Statistics 
---------------------------------------------------------------------------------
Hierarchical RTL Component report 
---------------------------------------------------------------------------------
Finished RTL Hierarchical Component Statistics
---------------------------------------------------------------------------------
---------------------------------------------------------------------------------
Start Part Resource Summary
---------------------------------------------------------------------------------
Part Resources:
DSPs: 20 (col length:20)
BRAMs: 20 (col length: RAMB18 20 RAMB36 10)
---------------------------------------------------------------------------------
Finished Part Resource Summary
---------------------------------------------------------------------------------
---------------------------------------------------------------------------------
Start Cross Boundary and Area Optimization
---------------------------------------------------------------------------------
Warning: Parallel synthesis criteria is not met 
WARNING: [Synth 8-3331] design system_microblaze_0_axi_periph_0 has unconnected port M00_ACLK
WARNING: [Synth 8-3331] design system_microblaze_0_axi_periph_0 has unconnected port M00_ARESETN
WARNING: [Synth 8-3331] design system_microblaze_0_axi_periph_0 has unconnected port M01_ACLK
WARNING: [Synth 8-3331] design system_microblaze_0_axi_periph_0 has unconnected port M01_ARESETN
WARNING: [Synth 8-3331] design system_microblaze_0_axi_periph_0 has unconnected port M02_ACLK
WARNING: [Synth 8-3331] design system_microblaze_0_axi_periph_0 has unconnected port M02_ARESETN
WARNING: [Synth 8-3331] design system_microblaze_0_axi_periph_0 has unconnected port M02_AXI_rlast
WARNING: [Synth 8-3331] design system_microblaze_0_axi_periph_0 has unconnected port S00_ACLK
WARNING: [Synth 8-3331] design system_microblaze_0_axi_periph_0 has unconnected port S00_ARESETN
---------------------------------------------------------------------------------
Finished Cross Boundary and Area Optimization : Time (s): cpu = 00:00:30 ; elapsed = 00:00:46 . Memory (MB): peak = 824.793 ; gain = 427.973
---------------------------------------------------------------------------------

Report RTL Partitions: 
+-+--------------+------------+----------+
| |RTL Partition |Replication |Instances |
+-+--------------+------------+----------+
+-+--------------+------------+----------+
---------------------------------------------------------------------------------
Start Applying XDC Timing Constraints
---------------------------------------------------------------------------------
INFO: [Synth 8-5578] Moved timing constraint from pin 'system_i/clk_wiz_0/clk_out1' to pin 'system_i/clk_wiz_0/bbstub_clk_out1/O'
INFO: [Synth 8-5578] Moved timing constraint from pin 'system_i/mdm_1/Dbg_Clk_0' to pin 'system_i/mdm_1/bbstub_Dbg_Clk_0/O'
INFO: [Synth 8-5578] Moved timing constraint from pin 'system_i/mdm_1/Dbg_Update_0' to pin 'system_i/mdm_1/bbstub_Dbg_Update_0/O'
INFO: [Synth 8-5578] Moved timing constraint from pin 'system_i/microblaze_0_local_memory/dlmb_bram_if_cntlr/BRAM_Clk_A' to pin 'system_i/microblaze_0_local_memory/dlmb_bram_if_cntlr/bbstub_BRAM_Clk_A/O'
INFO: [Synth 8-5578] Moved timing constraint from pin 'system_i/microblaze_0_local_memory/ilmb_bram_if_cntlr/BRAM_Clk_A' to pin 'system_i/microblaze_0_local_memory/ilmb_bram_if_cntlr/bbstub_BRAM_Clk_A/O'
INFO: [Synth 8-5578] Moved timing constraint from pin 'system_i/clk_wiz_1/clk_in1' to pin 'system_i/csi2_d_phy_rx_0/bbstub_rxbyteclkhs/O'
INFO: [Synth 8-5578] Moved timing constraint from pin 'system_i/clk_wiz_1/clk_out1' to pin 'system_i/clk_wiz_1/bbstub_clk_out1/O'
INFO: [Synth 8-5783] Moving clock source from hierarchical pin 'system_i/clk_wiz_1/clk_in1' to 'system_i/csi2_d_phy_rx_0/bbstub_rxbyteclkhs/O'
INFO: [Synth 8-5578] Moved timing constraint from pin 'system_i/clk_wiz_1/clk_out2' to pin 'system_i/clk_wiz_1/bbstub_clk_out2/O'
INFO: [Synth 8-5783] Moving clock source from hierarchical pin 'system_i/clk_wiz_1/clk_in1' to 'system_i/csi2_d_phy_rx_0/bbstub_rxbyteclkhs/O'
INFO: [Synth 8-5578] Moved timing constraint from pin 'system_i/rgb2dvi_0/SerialClk' to pin 'system_i/clk_wiz_1/bbstub_clk_out2/O'
INFO: [Synth 8-5783] Moving clock source from hierarchical pin 'system_i/rgb2dvi_0/PixelClk' to 'system_i/clk_wiz_1/bbstub_clk_out1/O'
INFO: [Synth 8-5819] Moved 10 constraints on hierarchical pins to their respective driving/loading pins
---------------------------------------------------------------------------------
Finished Applying XDC Timing Constraints : Time (s): cpu = 00:00:48 ; elapsed = 00:01:06 . Memory (MB): peak = 828.855 ; gain = 432.035
---------------------------------------------------------------------------------
---------------------------------------------------------------------------------
Start Timing Optimization
---------------------------------------------------------------------------------
---------------------------------------------------------------------------------
Finished Timing Optimization : Time (s): cpu = 00:00:48 ; elapsed = 00:01:06 . Memory (MB): peak = 829.004 ; gain = 432.184
---------------------------------------------------------------------------------

Report RTL Partitions: 
+-+--------------+------------+----------+
| |RTL Partition |Replication |Instances |
+-+--------------+------------+----------+
+-+--------------+------------+----------+
---------------------------------------------------------------------------------
Start Technology Mapping
---------------------------------------------------------------------------------
---------------------------------------------------------------------------------
Finished Technology Mapping : Time (s): cpu = 00:00:49 ; elapsed = 00:01:07 . Memory (MB): peak = 839.508 ; gain = 442.688
---------------------------------------------------------------------------------

Report RTL Partitions: 
+-+--------------+------------+----------+
| |RTL Partition |Replication |Instances |
+-+--------------+------------+----------+
+-+--------------+------------+----------+
---------------------------------------------------------------------------------
Start IO Insertion
---------------------------------------------------------------------------------
---------------------------------------------------------------------------------
Start Flattening Before IO Insertion
---------------------------------------------------------------------------------
---------------------------------------------------------------------------------
Finished Flattening Before IO Insertion
---------------------------------------------------------------------------------
---------------------------------------------------------------------------------
Start Final Netlist Cleanup
---------------------------------------------------------------------------------
---------------------------------------------------------------------------------
Finished Final Netlist Cleanup
---------------------------------------------------------------------------------
---------------------------------------------------------------------------------
Finished IO Insertion : Time (s): cpu = 00:00:53 ; elapsed = 00:01:11 . Memory (MB): peak = 839.508 ; gain = 442.688
---------------------------------------------------------------------------------

Report Check Netlist: 
+------+------------------+-------+---------+-------+------------------+
|      |Item              |Errors |Warnings |Status |Description       |
+------+------------------+-------+---------+-------+------------------+
|1     |multi_driven_nets |      0|        0|Passed |Multi driven nets |
+------+------------------+-------+---------+-------+------------------+
---------------------------------------------------------------------------------
Start Renaming Generated Instances
---------------------------------------------------------------------------------
---------------------------------------------------------------------------------
Finished Renaming Generated Instances : Time (s): cpu = 00:00:53 ; elapsed = 00:01:11 . Memory (MB): peak = 839.508 ; gain = 442.688
---------------------------------------------------------------------------------

Report RTL Partitions: 
+-+--------------+------------+----------+
| |RTL Partition |Replication |Instances |
+-+--------------+------------+----------+
+-+--------------+------------+----------+
---------------------------------------------------------------------------------
Start Rebuilding User Hierarchy
---------------------------------------------------------------------------------
---------------------------------------------------------------------------------
Finished Rebuilding User Hierarchy : Time (s): cpu = 00:00:53 ; elapsed = 00:01:11 . Memory (MB): peak = 839.508 ; gain = 442.688
---------------------------------------------------------------------------------
---------------------------------------------------------------------------------
Start Renaming Generated Ports
---------------------------------------------------------------------------------
---------------------------------------------------------------------------------
Finished Renaming Generated Ports : Time (s): cpu = 00:00:53 ; elapsed = 00:01:11 . Memory (MB): peak = 839.508 ; gain = 442.688
---------------------------------------------------------------------------------
---------------------------------------------------------------------------------
Start Handling Custom Attributes
---------------------------------------------------------------------------------
---------------------------------------------------------------------------------
Finished Handling Custom Attributes : Time (s): cpu = 00:00:53 ; elapsed = 00:01:11 . Memory (MB): peak = 839.508 ; gain = 442.688
---------------------------------------------------------------------------------
---------------------------------------------------------------------------------
Start Renaming Generated Nets
---------------------------------------------------------------------------------
---------------------------------------------------------------------------------
Finished Renaming Generated Nets : Time (s): cpu = 00:00:53 ; elapsed = 00:01:11 . Memory (MB): peak = 839.508 ; gain = 442.688
---------------------------------------------------------------------------------
---------------------------------------------------------------------------------
Start Writing Synthesis Report
---------------------------------------------------------------------------------

Report BlackBoxes: 
+------+-------------------------------+----------+
|      |BlackBox name                  |Instances |
+------+-------------------------------+----------+
|1     |system_xbar_0                  |         1|
|2     |system_axi_iic_0_0             |         1|
|3     |system_axi_uartlite_0_0        |         1|
|4     |system_bayer2rgb_0_0           |         1|
|5     |system_clk_wiz_0_1             |         1|
|6     |system_clk_wiz_1_0             |         1|
|7     |system_csi2_d_phy_rx_0_1       |         1|
|8     |system_csi2dvp_0_0             |         1|
|9     |system_csi_to_axis_0_1         |         1|
|10    |system_digital_recognition_0_0 |         1|
|11    |system_lcd_num_0_0             |         1|
|12    |system_mdm_1_0                 |         1|
|13    |system_microblaze_0_0          |         1|
|14    |system_rgb2dvi_0_1             |         1|
|15    |system_rgb_test_0_1            |         1|
|16    |system_rst_clk_wiz_0_200M_0    |         1|
|17    |system_dlmb_bram_if_cntlr_0    |         1|
|18    |system_dlmb_v10_0              |         1|
|19    |system_ilmb_bram_if_cntlr_0    |         1|
|20    |system_ilmb_v10_0              |         1|
|21    |system_lmb_bram_0              |         1|
+------+-------------------------------+----------+

Report Cell Usage: 
+------+-------------------------------+------+
|      |Cell                           |Count |
+------+-------------------------------+------+
|1     |system_axi_iic_0_0             |     1|
|2     |system_axi_uartlite_0_0        |     1|
|3     |system_bayer2rgb_0_0           |     1|
|4     |system_clk_wiz_0_1             |     1|
|5     |system_clk_wiz_1_0             |     1|
|6     |system_csi2_d_phy_rx_0_1       |     1|
|7     |system_csi2dvp_0_0             |     1|
|8     |system_csi_to_axis_0_1         |     1|
|9     |system_digital_recognition_0_0 |     1|
|10    |system_dlmb_bram_if_cntlr_0    |     1|
|11    |system_dlmb_v10_0              |     1|
|12    |system_ilmb_bram_if_cntlr_0    |     1|
|13    |system_ilmb_v10_0              |     1|
|14    |system_lcd_num_0_0             |     1|
|15    |system_lmb_bram_0              |     1|
|16    |system_mdm_1_0                 |     1|
|17    |system_microblaze_0_0          |     1|
|18    |system_rgb2dvi_0_1             |     1|
|19    |system_rgb_test_0_1            |     1|
|20    |system_rst_clk_wiz_0_200M_0    |     1|
|21    |system_xbar_0                  |     1|
|22    |IBUF                           |     3|
|23    |IOBUF                          |     2|
|24    |OBUF                           |     6|
+------+-------------------------------+------+

Report Instance Areas: 
+------+------------------------------+-------------------------------------+------+
|      |Instance                      |Module                               |Cells |
+------+------------------------------+-------------------------------------+------+
|1     |top                           |                                     |  1389|
|2     |  system_i                    |system                               |  1378|
|3     |    microblaze_0_axi_periph   |system_microblaze_0_axi_periph_0     |   374|
|4     |    xlconstant_0              |system_xlconstant_0_0                |     0|
|5     |    microblaze_0_local_memory |microblaze_0_local_memory_imp_OGE0N8 |   496|
+------+------------------------------+-------------------------------------+------+
---------------------------------------------------------------------------------
Finished Writing Synthesis Report : Time (s): cpu = 00:00:53 ; elapsed = 00:01:11 . Memory (MB): peak = 839.508 ; gain = 442.688
---------------------------------------------------------------------------------
Synthesis finished with 0 errors, 0 critical warnings and 9 warnings.
Synthesis Optimization Runtime : Time (s): cpu = 00:00:32 ; elapsed = 00:00:48 . Memory (MB): peak = 839.508 ; gain = 172.875
Synthesis Optimization Complete : Time (s): cpu = 00:00:54 ; elapsed = 00:01:12 . Memory (MB): peak = 839.508 ; gain = 442.688
INFO: [Project 1-571] Translating synthesized netlist
INFO: [Netlist 29-17] Analyzing 2 Unisim elements for replacement
INFO: [Netlist 29-28] Unisim Transformation completed in 0 CPU seconds
INFO: [Project 1-570] Preparing netlist for logic optimization
INFO: [Opt 31-138] Pushed 0 inverter(s) to 0 load pin(s).
Netlist sorting complete. Time (s): cpu = 00:00:00 ; elapsed = 00:00:00 . Memory (MB): peak = 851.879 ; gain = 0.000
INFO: [Project 1-111] Unisim Transformation Summary:
  A total of 2 instances were transformed.
  IOBUF => IOBUF (IBUF, OBUFT): 2 instances

INFO: [Common 17-83] Releasing license: Synthesis
94 Infos, 47 Warnings, 0 Critical Warnings and 0 Errors encountered.
synth_design completed successfully
synth_design: Time (s): cpu = 00:00:57 ; elapsed = 00:01:17 . Memory (MB): peak = 851.910 ; gain = 461.996
Netlist sorting complete. Time (s): cpu = 00:00:00 ; elapsed = 00:00:00 . Memory (MB): peak = 851.910 ; gain = 0.000
WARNING: [Constraints 18-5210] No constraints selected for write.
Resolution: This message can indicate that there are no constraints for the design, or it can indicate that the used_in flags are set such that the constraints are ignored. This later case is used when running synth_design to not write synthesis constraints to the resulting checkpoint. Instead, project constraints are read when the synthesized design is opened.
INFO: [Common 17-1381] The checkpoint 'C:/Users/sy/Desktop/Digital-Recognition-master/project/spartan_cam.runs/synth_1/system_wrapper.dcp' has been generated.
INFO: [runtcl-4] Executing : report_utilization -file system_wrapper_utilization_synth.rpt -pb system_wrapper_utilization_synth.pb
INFO: [Common 17-206] Exiting Vivado at Sat Aug  1 12:06:43 2020...
