
*** Running vivado
    with args -log system_dlmb_bram_if_cntlr_0.vds -m64 -product Vivado -mode batch -messageDb vivado.pb -notrace -source system_dlmb_bram_if_cntlr_0.tcl


****** Vivado v2018.3 (64-bit)
  **** SW Build 2405991 on Thu Dec  6 23:38:27 MST 2018
  **** IP Build 2404404 on Fri Dec  7 01:43:56 MST 2018
    ** Copyright 1986-2018 Xilinx, Inc. All Rights Reserved.

source system_dlmb_bram_if_cntlr_0.tcl -notrace
INFO: [IP_Flow 19-234] Refreshing IP repositories
INFO: [IP_Flow 19-1700] Loaded user IP repository 'c:/Users/sy/Desktop/Digital-Recognition-master/project/ip'.
WARNING: [IP_Flow 19-2248] Failed to load user IP repository 'c:/Users/sy/Desktop/project_1/project_1.srcs/sources_1/new'; Can't find the specified path.
If this directory should no longer be in your list of user repositories, go to the IP Settings dialog and remove it.
INFO: [IP_Flow 19-2313] Loaded Vivado IP repository 'E:/vivado/Vivado/2018.3/data/ip'.
update_ip_catalog: Time (s): cpu = 00:00:08 ; elapsed = 00:00:09 . Memory (MB): peak = 350.734 ; gain = 30.777
Command: synth_design -top system_dlmb_bram_if_cntlr_0 -part xc7s15ftgb196-1 -mode out_of_context
Starting synth_design
Attempting to get a license for feature 'Synthesis' and/or device 'xc7s15'
INFO: [Common 17-349] Got license for feature 'Synthesis' and/or device 'xc7s15'
INFO: Launching helper process for spawning children vivado processes
INFO: Helper process launched with PID 19276 
---------------------------------------------------------------------------------
Starting RTL Elaboration : Time (s): cpu = 00:00:07 ; elapsed = 00:00:09 . Memory (MB): peak = 468.414 ; gain = 103.164
---------------------------------------------------------------------------------
INFO: [Synth 8-638] synthesizing module 'system_dlmb_bram_if_cntlr_0' [c:/Users/sy/Desktop/Digital-Recognition-master/project/spartan_cam.srcs/sources_1/bd/system/ip/system_dlmb_bram_if_cntlr_0/synth/system_dlmb_bram_if_cntlr_0.vhd:84]
	Parameter C_FAMILY bound to: spartan7 - type: string 
	Parameter C_HIGHADDR bound to: 64'b0000000000000000000000000000000000000000000000000001111111111111 
	Parameter C_BASEADDR bound to: 64'b0000000000000000000000000000000000000000000000000000000000000000 
	Parameter C_NUM_LMB bound to: 1 - type: integer 
	Parameter C_MASK bound to: 64'b0000000000000000000000000000000001000000000000000000000000000000 
	Parameter C_MASK1 bound to: 64'b0000000000000000000000000000000000000000100000000000000000000000 
	Parameter C_MASK2 bound to: 64'b0000000000000000000000000000000000000000100000000000000000000000 
	Parameter C_MASK3 bound to: 64'b0000000000000000000000000000000000000000100000000000000000000000 
	Parameter C_LMB_AWIDTH bound to: 32 - type: integer 
	Parameter C_LMB_DWIDTH bound to: 32 - type: integer 
	Parameter C_ECC bound to: 0 - type: integer 
	Parameter C_INTERCONNECT bound to: 0 - type: integer 
	Parameter C_FAULT_INJECT bound to: 0 - type: integer 
	Parameter C_CE_FAILING_REGISTERS bound to: 0 - type: integer 
	Parameter C_UE_FAILING_REGISTERS bound to: 0 - type: integer 
	Parameter C_ECC_STATUS_REGISTERS bound to: 0 - type: integer 
	Parameter C_ECC_ONOFF_REGISTER bound to: 0 - type: integer 
	Parameter C_ECC_ONOFF_RESET_VALUE bound to: 1 - type: integer 
	Parameter C_CE_COUNTER_WIDTH bound to: 0 - type: integer 
	Parameter C_WRITE_ACCESS bound to: 2 - type: integer 
	Parameter C_BRAM_AWIDTH bound to: 32 - type: integer 
	Parameter C_S_AXI_CTRL_ADDR_WIDTH bound to: 32 - type: integer 
	Parameter C_S_AXI_CTRL_DATA_WIDTH bound to: 32 - type: integer 
INFO: [Synth 8-3491] module 'lmb_bram_if_cntlr' declared at 'c:/Users/sy/Desktop/Digital-Recognition-master/project/spartan_cam.srcs/sources_1/bd/system/ipshared/92fd/hdl/lmb_bram_if_cntlr_v4_0_vh_rfs.vhd:3116' bound to instance 'U0' of component 'lmb_bram_if_cntlr' [c:/Users/sy/Desktop/Digital-Recognition-master/project/spartan_cam.srcs/sources_1/bd/system/ip/system_dlmb_bram_if_cntlr_0/synth/system_dlmb_bram_if_cntlr_0.vhd:225]
INFO: [Synth 8-638] synthesizing module 'lmb_bram_if_cntlr' [c:/Users/sy/Desktop/Digital-Recognition-master/project/spartan_cam.srcs/sources_1/bd/system/ipshared/92fd/hdl/lmb_bram_if_cntlr_v4_0_vh_rfs.vhd:3240]
	Parameter C_FAMILY bound to: spartan7 - type: string 
	Parameter C_HIGHADDR bound to: 64'b0000000000000000000000000000000000000000000000000001111111111111 
	Parameter C_BASEADDR bound to: 64'b0000000000000000000000000000000000000000000000000000000000000000 
	Parameter C_MASK bound to: 64'b0000000000000000000000000000000001000000000000000000000000000000 
	Parameter C_MASK1 bound to: 64'b0000000000000000000000000000000000000000100000000000000000000000 
	Parameter C_MASK2 bound to: 64'b0000000000000000000000000000000000000000100000000000000000000000 
	Parameter C_MASK3 bound to: 64'b0000000000000000000000000000000000000000100000000000000000000000 
	Parameter C_LMB_AWIDTH bound to: 32 - type: integer 
	Parameter C_LMB_DWIDTH bound to: 32 - type: integer 
	Parameter C_ECC bound to: 0 - type: integer 
	Parameter C_INTERCONNECT bound to: 0 - type: integer 
	Parameter C_FAULT_INJECT bound to: 0 - type: integer 
	Parameter C_CE_FAILING_REGISTERS bound to: 0 - type: integer 
	Parameter C_UE_FAILING_REGISTERS bound to: 0 - type: integer 
	Parameter C_ECC_STATUS_REGISTERS bound to: 0 - type: integer 
	Parameter C_ECC_ONOFF_REGISTER bound to: 0 - type: integer 
	Parameter C_ECC_ONOFF_RESET_VALUE bound to: 1 - type: integer 
	Parameter C_CE_COUNTER_WIDTH bound to: 0 - type: integer 
	Parameter C_WRITE_ACCESS bound to: 2 - type: integer 
	Parameter C_NUM_LMB bound to: 1 - type: integer 
	Parameter C_BRAM_AWIDTH bound to: 32 - type: integer 
	Parameter C_S_AXI_CTRL_BASEADDR bound to: 32'b11111111111111111111111111111111 
	Parameter C_S_AXI_CTRL_HIGHADDR bound to: 32'b00000000000000000000000000000000 
	Parameter C_S_AXI_CTRL_ADDR_WIDTH bound to: 32 - type: integer 
	Parameter C_S_AXI_CTRL_DATA_WIDTH bound to: 32 - type: integer 
	Parameter C_TARGET bound to: 9 - type: integer 
	Parameter C_BASEADDR bound to: 64'b0000000000000000000000000000000000000000000000000000000000000000 
	Parameter C_MASK bound to: 64'b0000000000000000000000000000000001000000000000000000000000000000 
	Parameter C_MASK1 bound to: 64'b0000000000000000000000000000000000000000100000000000000000000000 
	Parameter C_MASK2 bound to: 64'b0000000000000000000000000000000000000000100000000000000000000000 
	Parameter C_MASK3 bound to: 64'b0000000000000000000000000000000000000000100000000000000000000000 
	Parameter C_LMB_AWIDTH bound to: 32 - type: integer 
	Parameter C_LMB_DWIDTH bound to: 32 - type: integer 
	Parameter C_ECC bound to: 0 - type: integer 
	Parameter C_NUM_LMB bound to: 1 - type: integer 
INFO: [Synth 8-3491] module 'lmb_mux' declared at 'c:/Users/sy/Desktop/Digital-Recognition-master/project/spartan_cam.srcs/sources_1/bd/system/ipshared/92fd/hdl/lmb_bram_if_cntlr_v4_0_vh_rfs.vhd:2524' bound to instance 'lmb_mux_I' of component 'lmb_mux' [c:/Users/sy/Desktop/Digital-Recognition-master/project/spartan_cam.srcs/sources_1/bd/system/ipshared/92fd/hdl/lmb_bram_if_cntlr_v4_0_vh_rfs.vhd:3463]
INFO: [Synth 8-638] synthesizing module 'lmb_mux' [c:/Users/sy/Desktop/Digital-Recognition-master/project/spartan_cam.srcs/sources_1/bd/system/ipshared/92fd/hdl/lmb_bram_if_cntlr_v4_0_vh_rfs.vhd:2610]
	Parameter C_TARGET bound to: 9 - type: integer 
	Parameter C_BASEADDR bound to: 64'b0000000000000000000000000000000000000000000000000000000000000000 
	Parameter C_MASK bound to: 64'b0000000000000000000000000000000001000000000000000000000000000000 
	Parameter C_MASK1 bound to: 64'b0000000000000000000000000000000000000000100000000000000000000000 
	Parameter C_MASK2 bound to: 64'b0000000000000000000000000000000000000000100000000000000000000000 
	Parameter C_MASK3 bound to: 64'b0000000000000000000000000000000000000000100000000000000000000000 
	Parameter C_LMB_AWIDTH bound to: 32 - type: integer 
	Parameter C_LMB_DWIDTH bound to: 32 - type: integer 
	Parameter C_ECC bound to: 0 - type: integer 
	Parameter C_NUM_LMB bound to: 1 - type: integer 
	Parameter C_AW bound to: 32 - type: integer 
	Parameter C_BAR bound to: 64'b0000000000000000000000000000000000000000000000000000000000000000 
	Parameter C_MASK bound to: 64'b0000000000000000000000000000000001000000000000000000000000000000 
INFO: [Synth 8-3491] module 'pselect_mask' declared at 'c:/Users/sy/Desktop/Digital-Recognition-master/project/spartan_cam.srcs/sources_1/bd/system/ipshared/92fd/hdl/lmb_bram_if_cntlr_v4_0_vh_rfs.vhd:2107' bound to instance 'pselect_mask_lmb' of component 'pselect_mask' [c:/Users/sy/Desktop/Digital-Recognition-master/project/spartan_cam.srcs/sources_1/bd/system/ipshared/92fd/hdl/lmb_bram_if_cntlr_v4_0_vh_rfs.vhd:2678]
INFO: [Synth 8-638] synthesizing module 'pselect_mask' [c:/Users/sy/Desktop/Digital-Recognition-master/project/spartan_cam.srcs/sources_1/bd/system/ipshared/92fd/hdl/lmb_bram_if_cntlr_v4_0_vh_rfs.vhd:2122]
	Parameter C_AW bound to: 32 - type: integer 
	Parameter C_BAR bound to: 64'b0000000000000000000000000000000000000000000000000000000000000000 
	Parameter C_MASK bound to: 64'b0000000000000000000000000000000001000000000000000000000000000000 
INFO: [Synth 8-256] done synthesizing module 'pselect_mask' (1#1) [c:/Users/sy/Desktop/Digital-Recognition-master/project/spartan_cam.srcs/sources_1/bd/system/ipshared/92fd/hdl/lmb_bram_if_cntlr_v4_0_vh_rfs.vhd:2122]
INFO: [Synth 8-256] done synthesizing module 'lmb_mux' (2#1) [c:/Users/sy/Desktop/Digital-Recognition-master/project/spartan_cam.srcs/sources_1/bd/system/ipshared/92fd/hdl/lmb_bram_if_cntlr_v4_0_vh_rfs.vhd:2610]
INFO: [Synth 8-256] done synthesizing module 'lmb_bram_if_cntlr' (3#1) [c:/Users/sy/Desktop/Digital-Recognition-master/project/spartan_cam.srcs/sources_1/bd/system/ipshared/92fd/hdl/lmb_bram_if_cntlr_v4_0_vh_rfs.vhd:3240]
INFO: [Synth 8-256] done synthesizing module 'system_dlmb_bram_if_cntlr_0' (4#1) [c:/Users/sy/Desktop/Digital-Recognition-master/project/spartan_cam.srcs/sources_1/bd/system/ip/system_dlmb_bram_if_cntlr_0/synth/system_dlmb_bram_if_cntlr_0.vhd:84]
WARNING: [Synth 8-3331] design pselect_mask has unconnected port A[0]
WARNING: [Synth 8-3331] design pselect_mask has unconnected port A[2]
WARNING: [Synth 8-3331] design pselect_mask has unconnected port A[3]
WARNING: [Synth 8-3331] design pselect_mask has unconnected port A[4]
WARNING: [Synth 8-3331] design pselect_mask has unconnected port A[5]
WARNING: [Synth 8-3331] design pselect_mask has unconnected port A[6]
WARNING: [Synth 8-3331] design pselect_mask has unconnected port A[7]
WARNING: [Synth 8-3331] design pselect_mask has unconnected port A[8]
WARNING: [Synth 8-3331] design pselect_mask has unconnected port A[9]
WARNING: [Synth 8-3331] design pselect_mask has unconnected port A[10]
WARNING: [Synth 8-3331] design pselect_mask has unconnected port A[11]
WARNING: [Synth 8-3331] design pselect_mask has unconnected port A[12]
WARNING: [Synth 8-3331] design pselect_mask has unconnected port A[13]
WARNING: [Synth 8-3331] design pselect_mask has unconnected port A[14]
WARNING: [Synth 8-3331] design pselect_mask has unconnected port A[15]
WARNING: [Synth 8-3331] design pselect_mask has unconnected port A[16]
WARNING: [Synth 8-3331] design pselect_mask has unconnected port A[17]
WARNING: [Synth 8-3331] design pselect_mask has unconnected port A[18]
WARNING: [Synth 8-3331] design pselect_mask has unconnected port A[19]
WARNING: [Synth 8-3331] design pselect_mask has unconnected port A[20]
WARNING: [Synth 8-3331] design pselect_mask has unconnected port A[21]
WARNING: [Synth 8-3331] design pselect_mask has unconnected port A[22]
WARNING: [Synth 8-3331] design pselect_mask has unconnected port A[23]
WARNING: [Synth 8-3331] design pselect_mask has unconnected port A[24]
WARNING: [Synth 8-3331] design pselect_mask has unconnected port A[25]
WARNING: [Synth 8-3331] design pselect_mask has unconnected port A[26]
WARNING: [Synth 8-3331] design pselect_mask has unconnected port A[27]
WARNING: [Synth 8-3331] design pselect_mask has unconnected port A[28]
WARNING: [Synth 8-3331] design pselect_mask has unconnected port A[29]
WARNING: [Synth 8-3331] design pselect_mask has unconnected port A[30]
WARNING: [Synth 8-3331] design pselect_mask has unconnected port A[31]
WARNING: [Synth 8-3331] design lmb_mux has unconnected port LMB_Clk
WARNING: [Synth 8-3331] design lmb_mux has unconnected port LMB_Rst
WARNING: [Synth 8-3331] design lmb_mux has unconnected port LMB1_ABus[0]
WARNING: [Synth 8-3331] design lmb_mux has unconnected port LMB1_ABus[1]
WARNING: [Synth 8-3331] design lmb_mux has unconnected port LMB1_ABus[2]
WARNING: [Synth 8-3331] design lmb_mux has unconnected port LMB1_ABus[3]
WARNING: [Synth 8-3331] design lmb_mux has unconnected port LMB1_ABus[4]
WARNING: [Synth 8-3331] design lmb_mux has unconnected port LMB1_ABus[5]
WARNING: [Synth 8-3331] design lmb_mux has unconnected port LMB1_ABus[6]
WARNING: [Synth 8-3331] design lmb_mux has unconnected port LMB1_ABus[7]
WARNING: [Synth 8-3331] design lmb_mux has unconnected port LMB1_ABus[8]
WARNING: [Synth 8-3331] design lmb_mux has unconnected port LMB1_ABus[9]
WARNING: [Synth 8-3331] design lmb_mux has unconnected port LMB1_ABus[10]
WARNING: [Synth 8-3331] design lmb_mux has unconnected port LMB1_ABus[11]
WARNING: [Synth 8-3331] design lmb_mux has unconnected port LMB1_ABus[12]
WARNING: [Synth 8-3331] design lmb_mux has unconnected port LMB1_ABus[13]
WARNING: [Synth 8-3331] design lmb_mux has unconnected port LMB1_ABus[14]
WARNING: [Synth 8-3331] design lmb_mux has unconnected port LMB1_ABus[15]
WARNING: [Synth 8-3331] design lmb_mux has unconnected port LMB1_ABus[16]
WARNING: [Synth 8-3331] design lmb_mux has unconnected port LMB1_ABus[17]
WARNING: [Synth 8-3331] design lmb_mux has unconnected port LMB1_ABus[18]
WARNING: [Synth 8-3331] design lmb_mux has unconnected port LMB1_ABus[19]
WARNING: [Synth 8-3331] design lmb_mux has unconnected port LMB1_ABus[20]
WARNING: [Synth 8-3331] design lmb_mux has unconnected port LMB1_ABus[21]
WARNING: [Synth 8-3331] design lmb_mux has unconnected port LMB1_ABus[22]
WARNING: [Synth 8-3331] design lmb_mux has unconnected port LMB1_ABus[23]
WARNING: [Synth 8-3331] design lmb_mux has unconnected port LMB1_ABus[24]
WARNING: [Synth 8-3331] design lmb_mux has unconnected port LMB1_ABus[25]
WARNING: [Synth 8-3331] design lmb_mux has unconnected port LMB1_ABus[26]
WARNING: [Synth 8-3331] design lmb_mux has unconnected port LMB1_ABus[27]
WARNING: [Synth 8-3331] design lmb_mux has unconnected port LMB1_ABus[28]
WARNING: [Synth 8-3331] design lmb_mux has unconnected port LMB1_ABus[29]
WARNING: [Synth 8-3331] design lmb_mux has unconnected port LMB1_ABus[30]
WARNING: [Synth 8-3331] design lmb_mux has unconnected port LMB1_ABus[31]
WARNING: [Synth 8-3331] design lmb_mux has unconnected port LMB1_WriteDBus[0]
WARNING: [Synth 8-3331] design lmb_mux has unconnected port LMB1_WriteDBus[1]
WARNING: [Synth 8-3331] design lmb_mux has unconnected port LMB1_WriteDBus[2]
WARNING: [Synth 8-3331] design lmb_mux has unconnected port LMB1_WriteDBus[3]
WARNING: [Synth 8-3331] design lmb_mux has unconnected port LMB1_WriteDBus[4]
WARNING: [Synth 8-3331] design lmb_mux has unconnected port LMB1_WriteDBus[5]
WARNING: [Synth 8-3331] design lmb_mux has unconnected port LMB1_WriteDBus[6]
WARNING: [Synth 8-3331] design lmb_mux has unconnected port LMB1_WriteDBus[7]
WARNING: [Synth 8-3331] design lmb_mux has unconnected port LMB1_WriteDBus[8]
WARNING: [Synth 8-3331] design lmb_mux has unconnected port LMB1_WriteDBus[9]
WARNING: [Synth 8-3331] design lmb_mux has unconnected port LMB1_WriteDBus[10]
WARNING: [Synth 8-3331] design lmb_mux has unconnected port LMB1_WriteDBus[11]
WARNING: [Synth 8-3331] design lmb_mux has unconnected port LMB1_WriteDBus[12]
WARNING: [Synth 8-3331] design lmb_mux has unconnected port LMB1_WriteDBus[13]
WARNING: [Synth 8-3331] design lmb_mux has unconnected port LMB1_WriteDBus[14]
WARNING: [Synth 8-3331] design lmb_mux has unconnected port LMB1_WriteDBus[15]
WARNING: [Synth 8-3331] design lmb_mux has unconnected port LMB1_WriteDBus[16]
WARNING: [Synth 8-3331] design lmb_mux has unconnected port LMB1_WriteDBus[17]
WARNING: [Synth 8-3331] design lmb_mux has unconnected port LMB1_WriteDBus[18]
WARNING: [Synth 8-3331] design lmb_mux has unconnected port LMB1_WriteDBus[19]
WARNING: [Synth 8-3331] design lmb_mux has unconnected port LMB1_WriteDBus[20]
WARNING: [Synth 8-3331] design lmb_mux has unconnected port LMB1_WriteDBus[21]
WARNING: [Synth 8-3331] design lmb_mux has unconnected port LMB1_WriteDBus[22]
WARNING: [Synth 8-3331] design lmb_mux has unconnected port LMB1_WriteDBus[23]
WARNING: [Synth 8-3331] design lmb_mux has unconnected port LMB1_WriteDBus[24]
WARNING: [Synth 8-3331] design lmb_mux has unconnected port LMB1_WriteDBus[25]
WARNING: [Synth 8-3331] design lmb_mux has unconnected port LMB1_WriteDBus[26]
WARNING: [Synth 8-3331] design lmb_mux has unconnected port LMB1_WriteDBus[27]
WARNING: [Synth 8-3331] design lmb_mux has unconnected port LMB1_WriteDBus[28]
WARNING: [Synth 8-3331] design lmb_mux has unconnected port LMB1_WriteDBus[29]
WARNING: [Synth 8-3331] design lmb_mux has unconnected port LMB1_WriteDBus[30]
WARNING: [Synth 8-3331] design lmb_mux has unconnected port LMB1_WriteDBus[31]
WARNING: [Synth 8-3331] design lmb_mux has unconnected port LMB1_AddrStrobe
WARNING: [Synth 8-3331] design lmb_mux has unconnected port LMB1_ReadStrobe
WARNING: [Synth 8-3331] design lmb_mux has unconnected port LMB1_WriteStrobe
INFO: [Common 17-14] Message 'Synth 8-3331' appears 100 times and further instances of the messages will be disabled. Use the Tcl command set_msg_config to change the current settings.
---------------------------------------------------------------------------------
Finished RTL Elaboration : Time (s): cpu = 00:00:10 ; elapsed = 00:00:15 . Memory (MB): peak = 527.457 ; gain = 162.207
---------------------------------------------------------------------------------

Report Check Netlist: 
+------+------------------+-------+---------+-------+------------------+
|      |Item              |Errors |Warnings |Status |Description       |
+------+------------------+-------+---------+-------+------------------+
|1     |multi_driven_nets |      0|        0|Passed |Multi driven nets |
+------+------------------+-------+---------+-------+------------------+
---------------------------------------------------------------------------------
Start Handling Custom Attributes
---------------------------------------------------------------------------------
---------------------------------------------------------------------------------
Finished Handling Custom Attributes : Time (s): cpu = 00:00:10 ; elapsed = 00:00:16 . Memory (MB): peak = 527.457 ; gain = 162.207
---------------------------------------------------------------------------------
---------------------------------------------------------------------------------
Finished RTL Optimization Phase 1 : Time (s): cpu = 00:00:10 ; elapsed = 00:00:16 . Memory (MB): peak = 527.457 ; gain = 162.207
---------------------------------------------------------------------------------
INFO: [Device 21-403] Loading part xc7s15ftgb196-1
INFO: [Project 1-570] Preparing netlist for logic optimization

Processing XDC Constraints
Initializing timing engine
Parsing XDC File [c:/Users/sy/Desktop/Digital-Recognition-master/project/spartan_cam.srcs/sources_1/bd/system/ip/system_dlmb_bram_if_cntlr_0/system_dlmb_bram_if_cntlr_0_ooc.xdc] for cell 'U0'
Finished Parsing XDC File [c:/Users/sy/Desktop/Digital-Recognition-master/project/spartan_cam.srcs/sources_1/bd/system/ip/system_dlmb_bram_if_cntlr_0/system_dlmb_bram_if_cntlr_0_ooc.xdc] for cell 'U0'
Parsing XDC File [C:/Users/sy/Desktop/Digital-Recognition-master/project/spartan_cam.runs/system_dlmb_bram_if_cntlr_0_synth_1/dont_touch.xdc]
Finished Parsing XDC File [C:/Users/sy/Desktop/Digital-Recognition-master/project/spartan_cam.runs/system_dlmb_bram_if_cntlr_0_synth_1/dont_touch.xdc]
Completed Processing XDC Constraints

Netlist sorting complete. Time (s): cpu = 00:00:00 ; elapsed = 00:00:00 . Memory (MB): peak = 784.473 ; gain = 0.000
INFO: [Project 1-111] Unisim Transformation Summary:
No Unisim elements were transformed.

Netlist sorting complete. Time (s): cpu = 00:00:00 ; elapsed = 00:00:00 . Memory (MB): peak = 784.488 ; gain = 0.000
Constraint Validation Runtime : Time (s): cpu = 00:00:00 ; elapsed = 00:00:00.053 . Memory (MB): peak = 785.797 ; gain = 1.324
---------------------------------------------------------------------------------
Finished Constraint Validation : Time (s): cpu = 00:00:29 ; elapsed = 00:00:41 . Memory (MB): peak = 785.797 ; gain = 420.547
---------------------------------------------------------------------------------
---------------------------------------------------------------------------------
Start Loading Part and Timing Information
---------------------------------------------------------------------------------
Loading part: xc7s15ftgb196-1
---------------------------------------------------------------------------------
Finished Loading Part and Timing Information : Time (s): cpu = 00:00:29 ; elapsed = 00:00:41 . Memory (MB): peak = 785.797 ; gain = 420.547
---------------------------------------------------------------------------------
---------------------------------------------------------------------------------
Start Applying 'set_property' XDC Constraints
---------------------------------------------------------------------------------
Applied set_property DONT_TOUCH = true for U0. (constraint file  C:/Users/sy/Desktop/Digital-Recognition-master/project/spartan_cam.runs/system_dlmb_bram_if_cntlr_0_synth_1/dont_touch.xdc, line 9).
---------------------------------------------------------------------------------
Finished applying 'set_property' XDC Constraints : Time (s): cpu = 00:00:29 ; elapsed = 00:00:41 . Memory (MB): peak = 785.797 ; gain = 420.547
---------------------------------------------------------------------------------
---------------------------------------------------------------------------------
Finished RTL Optimization Phase 2 : Time (s): cpu = 00:00:29 ; elapsed = 00:00:41 . Memory (MB): peak = 785.797 ; gain = 420.547
---------------------------------------------------------------------------------

Report RTL Partitions: 
+-+--------------+------------+----------+
| |RTL Partition |Replication |Instances |
+-+--------------+------------+----------+
+-+--------------+------------+----------+
---------------------------------------------------------------------------------
Start RTL Component Statistics 
---------------------------------------------------------------------------------
Detailed RTL Component Info : 
+---Registers : 
	                1 Bit    Registers := 2     
---------------------------------------------------------------------------------
Finished RTL Component Statistics 
---------------------------------------------------------------------------------
---------------------------------------------------------------------------------
Start RTL Hierarchical Component Statistics 
---------------------------------------------------------------------------------
Hierarchical RTL Component report 
Module lmb_bram_if_cntlr 
Detailed RTL Component Info : 
+---Registers : 
	                1 Bit    Registers := 2     
---------------------------------------------------------------------------------
Finished RTL Hierarchical Component Statistics
---------------------------------------------------------------------------------
---------------------------------------------------------------------------------
Start Part Resource Summary
---------------------------------------------------------------------------------
Part Resources:
DSPs: 20 (col length:20)
BRAMs: 20 (col length: RAMB18 20 RAMB36 10)
---------------------------------------------------------------------------------
Finished Part Resource Summary
---------------------------------------------------------------------------------
---------------------------------------------------------------------------------
Start Cross Boundary and Area Optimization
---------------------------------------------------------------------------------
Warning: Parallel synthesis criteria is not met 
---------------------------------------------------------------------------------
Finished Cross Boundary and Area Optimization : Time (s): cpu = 00:00:31 ; elapsed = 00:00:44 . Memory (MB): peak = 785.797 ; gain = 420.547
---------------------------------------------------------------------------------

Report RTL Partitions: 
+-+--------------+------------+----------+
| |RTL Partition |Replication |Instances |
+-+--------------+------------+----------+
+-+--------------+------------+----------+
---------------------------------------------------------------------------------
Start Applying XDC Timing Constraints
---------------------------------------------------------------------------------
---------------------------------------------------------------------------------
Finished Applying XDC Timing Constraints : Time (s): cpu = 00:00:52 ; elapsed = 00:01:11 . Memory (MB): peak = 817.520 ; gain = 452.270
---------------------------------------------------------------------------------
---------------------------------------------------------------------------------
Start Timing Optimization
---------------------------------------------------------------------------------
---------------------------------------------------------------------------------
Finished Timing Optimization : Time (s): cpu = 00:00:52 ; elapsed = 00:01:11 . Memory (MB): peak = 817.520 ; gain = 452.270
---------------------------------------------------------------------------------

Report RTL Partitions: 
+-+--------------+------------+----------+
| |RTL Partition |Replication |Instances |
+-+--------------+------------+----------+
+-+--------------+------------+----------+
---------------------------------------------------------------------------------
Start Technology Mapping
---------------------------------------------------------------------------------
---------------------------------------------------------------------------------
Finished Technology Mapping : Time (s): cpu = 00:00:52 ; elapsed = 00:01:11 . Memory (MB): peak = 827.133 ; gain = 461.883
---------------------------------------------------------------------------------

Report RTL Partitions: 
+-+--------------+------------+----------+
| |RTL Partition |Replication |Instances |
+-+--------------+------------+----------+
+-+--------------+------------+----------+
---------------------------------------------------------------------------------
Start IO Insertion
---------------------------------------------------------------------------------
---------------------------------------------------------------------------------
Start Flattening Before IO Insertion
---------------------------------------------------------------------------------
---------------------------------------------------------------------------------
Finished Flattening Before IO Insertion
---------------------------------------------------------------------------------
---------------------------------------------------------------------------------
Start Final Netlist Cleanup
---------------------------------------------------------------------------------
---------------------------------------------------------------------------------
Finished Final Netlist Cleanup
---------------------------------------------------------------------------------
---------------------------------------------------------------------------------
Finished IO Insertion : Time (s): cpu = 00:00:55 ; elapsed = 00:01:14 . Memory (MB): peak = 827.133 ; gain = 461.883
---------------------------------------------------------------------------------

Report Check Netlist: 
+------+------------------+-------+---------+-------+------------------+
|      |Item              |Errors |Warnings |Status |Description       |
+------+------------------+-------+---------+-------+------------------+
|1     |multi_driven_nets |      0|        0|Passed |Multi driven nets |
+------+------------------+-------+---------+-------+------------------+
---------------------------------------------------------------------------------
Start Renaming Generated Instances
---------------------------------------------------------------------------------
---------------------------------------------------------------------------------
Finished Renaming Generated Instances : Time (s): cpu = 00:00:55 ; elapsed = 00:01:14 . Memory (MB): peak = 827.133 ; gain = 461.883
---------------------------------------------------------------------------------

Report RTL Partitions: 
+-+--------------+------------+----------+
| |RTL Partition |Replication |Instances |
+-+--------------+------------+----------+
+-+--------------+------------+----------+
---------------------------------------------------------------------------------
Start Rebuilding User Hierarchy
---------------------------------------------------------------------------------
---------------------------------------------------------------------------------
Finished Rebuilding User Hierarchy : Time (s): cpu = 00:00:55 ; elapsed = 00:01:14 . Memory (MB): peak = 827.133 ; gain = 461.883
---------------------------------------------------------------------------------
---------------------------------------------------------------------------------
Start Renaming Generated Ports
---------------------------------------------------------------------------------
---------------------------------------------------------------------------------
Finished Renaming Generated Ports : Time (s): cpu = 00:00:55 ; elapsed = 00:01:14 . Memory (MB): peak = 827.133 ; gain = 461.883
---------------------------------------------------------------------------------
---------------------------------------------------------------------------------
Start Handling Custom Attributes
---------------------------------------------------------------------------------
---------------------------------------------------------------------------------
Finished Handling Custom Attributes : Time (s): cpu = 00:00:55 ; elapsed = 00:01:14 . Memory (MB): peak = 827.133 ; gain = 461.883
---------------------------------------------------------------------------------
---------------------------------------------------------------------------------
Start Renaming Generated Nets
---------------------------------------------------------------------------------
---------------------------------------------------------------------------------
Finished Renaming Generated Nets : Time (s): cpu = 00:00:55 ; elapsed = 00:01:14 . Memory (MB): peak = 827.133 ; gain = 461.883
---------------------------------------------------------------------------------
---------------------------------------------------------------------------------
Start Writing Synthesis Report
---------------------------------------------------------------------------------

Report BlackBoxes: 
+-+--------------+----------+
| |BlackBox name |Instances |
+-+--------------+----------+
+-+--------------+----------+

Report Cell Usage: 
+------+-----+------+
|      |Cell |Count |
+------+-----+------+
|1     |LUT2 |     3|
|2     |LUT3 |     4|
|3     |FDRE |     2|
+------+-----+------+

Report Instance Areas: 
+------+---------+------------------+------+
|      |Instance |Module            |Cells |
+------+---------+------------------+------+
|1     |top      |                  |     9|
|2     |  U0     |lmb_bram_if_cntlr |     9|
+------+---------+------------------+------+
---------------------------------------------------------------------------------
Finished Writing Synthesis Report : Time (s): cpu = 00:00:55 ; elapsed = 00:01:14 . Memory (MB): peak = 827.133 ; gain = 461.883
---------------------------------------------------------------------------------
Synthesis finished with 0 errors, 0 critical warnings and 321 warnings.
Synthesis Optimization Runtime : Time (s): cpu = 00:00:33 ; elapsed = 00:00:59 . Memory (MB): peak = 827.133 ; gain = 203.543
Synthesis Optimization Complete : Time (s): cpu = 00:00:55 ; elapsed = 00:01:15 . Memory (MB): peak = 827.133 ; gain = 461.883
INFO: [Project 1-571] Translating synthesized netlist
INFO: [Project 1-570] Preparing netlist for logic optimization
INFO: [Opt 31-138] Pushed 0 inverter(s) to 0 load pin(s).
Netlist sorting complete. Time (s): cpu = 00:00:00 ; elapsed = 00:00:00 . Memory (MB): peak = 837.816 ; gain = 0.000
INFO: [Project 1-111] Unisim Transformation Summary:
No Unisim elements were transformed.

INFO: [Common 17-83] Releasing license: Synthesis
24 Infos, 101 Warnings, 0 Critical Warnings and 0 Errors encountered.
synth_design completed successfully
synth_design: Time (s): cpu = 00:00:59 ; elapsed = 00:01:20 . Memory (MB): peak = 837.816 ; gain = 484.598
Netlist sorting complete. Time (s): cpu = 00:00:00 ; elapsed = 00:00:00.001 . Memory (MB): peak = 837.816 ; gain = 0.000
WARNING: [Constraints 18-5210] No constraints selected for write.
Resolution: This message can indicate that there are no constraints for the design, or it can indicate that the used_in flags are set such that the constraints are ignored. This later case is used when running synth_design to not write synthesis constraints to the resulting checkpoint. Instead, project constraints are read when the synthesized design is opened.
INFO: [Common 17-1381] The checkpoint 'C:/Users/sy/Desktop/Digital-Recognition-master/project/spartan_cam.runs/system_dlmb_bram_if_cntlr_0_synth_1/system_dlmb_bram_if_cntlr_0.dcp' has been generated.
INFO: [Coretcl 2-1648] Added synthesis output to IP cache for IP system_dlmb_bram_if_cntlr_0, cache-ID = 3dc254589cc1f4ab
Netlist sorting complete. Time (s): cpu = 00:00:00 ; elapsed = 00:00:00 . Memory (MB): peak = 837.816 ; gain = 0.000
WARNING: [Constraints 18-5210] No constraints selected for write.
Resolution: This message can indicate that there are no constraints for the design, or it can indicate that the used_in flags are set such that the constraints are ignored. This later case is used when running synth_design to not write synthesis constraints to the resulting checkpoint. Instead, project constraints are read when the synthesized design is opened.
INFO: [Common 17-1381] The checkpoint 'C:/Users/sy/Desktop/Digital-Recognition-master/project/spartan_cam.runs/system_dlmb_bram_if_cntlr_0_synth_1/system_dlmb_bram_if_cntlr_0.dcp' has been generated.
INFO: [runtcl-4] Executing : report_utilization -file system_dlmb_bram_if_cntlr_0_utilization_synth.rpt -pb system_dlmb_bram_if_cntlr_0_utilization_synth.pb
INFO: [Common 17-206] Exiting Vivado at Wed Jul 29 15:39:16 2020...
